2016-02-27 18:08:06 [-][-][-][error][yii\db\Exception] exception 'PDOException' with message 'SQLSTATE[HY000] [2002] No such file or directory' in /Applications/XAMPP/xamppfiles/htdocs/daily/vendor/yiisoft/yii2/db/Connection.php:600
Stack trace:
#0 /Applications/XAMPP/xamppfiles/htdocs/daily/vendor/yiisoft/yii2/db/Connection.php(600): PDO->__construct('mysql:host=loca...', 'root', '', NULL)
#1 /Applications/XAMPP/xamppfiles/htdocs/daily/vendor/yiisoft/yii2/db/Connection.php(542): yii\db\Connection->createPdoInstance()
#2 /Applications/XAMPP/xamppfiles/htdocs/daily/vendor/yiisoft/yii2/db/Connection.php(858): yii\db\Connection->open()
#3 /Applications/XAMPP/xamppfiles/htdocs/daily/vendor/yiisoft/yii2/db/Connection.php(845): yii\db\Connection->getMasterPdo()
#4 /Applications/XAMPP/xamppfiles/htdocs/daily/vendor/yiisoft/yii2/db/Command.php(219): yii\db\Connection->getSlavePdo()
#5 /Applications/XAMPP/xamppfiles/htdocs/daily/vendor/yiisoft/yii2/db/Command.php(834): yii\db\Command->prepare(true)
#6 /Applications/XAMPP/xamppfiles/htdocs/daily/vendor/yiisoft/yii2/db/Command.php(362): yii\db\Command->queryInternal('fetchAll', NULL)
#7 /Applications/XAMPP/xamppfiles/htdocs/daily/vendor/yiisoft/yii2/db/mysql/Schema.php(198): yii\db\Command->queryAll()
#8 /Applications/XAMPP/xamppfiles/htdocs/daily/vendor/yiisoft/yii2/db/mysql/Schema.php(97): yii\db\mysql\Schema->findColumns(Object(yii\db\TableSchema))
#9 /Applications/XAMPP/xamppfiles/htdocs/daily/vendor/yiisoft/yii2/db/Schema.php(146): yii\db\mysql\Schema->loadTableSchema('migration')
#10 /Applications/XAMPP/xamppfiles/htdocs/daily/vendor/yiisoft/yii2/console/controllers/MigrateController.php(132): yii\db\Schema->getTableSchema('{{%migration}}', true)
#11 /Applications/XAMPP/xamppfiles/htdocs/daily/vendor/yiisoft/yii2/console/controllers/BaseMigrateController.php(680): yii\console\controllers\MigrateController->getMigrationHistory(NULL)
#12 /Applications/XAMPP/xamppfiles/htdocs/daily/vendor/yiisoft/yii2/console/controllers/BaseMigrateController.php(123): yii\console\controllers\BaseMigrateController->getNewMigrations()
#13 [internal function]: yii\console\controllers\BaseMigrateController->actionUp('create', 'user')
#14 /Applications/XAMPP/xamppfiles/htdocs/daily/vendor/yiisoft/yii2/base/InlineAction.php(55): call_user_func_array(Array, Array)
#15 /Applications/XAMPP/xamppfiles/htdocs/daily/vendor/yiisoft/yii2/base/Controller.php(154): yii\base\InlineAction->runWithParams(Array)
#16 /Applications/XAMPP/xamppfiles/htdocs/daily/vendor/yiisoft/yii2/console/Controller.php(108): yii\base\Controller->runAction('', Array)
#17 /Applications/XAMPP/xamppfiles/htdocs/daily/vendor/yiisoft/yii2/base/Module.php(454): yii\console\Controller->runAction('', Array)
#18 /Applications/XAMPP/xamppfiles/htdocs/daily/vendor/yiisoft/yii2/console/Application.php(167): yii\base\Module->runAction('migrate', Array)
#19 /Applications/XAMPP/xamppfiles/htdocs/daily/vendor/yiisoft/yii2/console/Application.php(143): yii\console\Application->runAction('migrate', Array)
#20 /Applications/XAMPP/xamppfiles/htdocs/daily/vendor/yiisoft/yii2/base/Application.php(375): yii\console\Application->handleRequest(Object(yii\console\Request))
#21 /Applications/XAMPP/xamppfiles/htdocs/daily/yii(27): yii\base\Application->run()
#22 {main}

Next exception 'yii\db\Exception' with message 'SQLSTATE[HY000] [2002] No such file or directory' in /Applications/XAMPP/xamppfiles/htdocs/daily/vendor/yiisoft/yii2/db/Connection.php:547
Stack trace:
#0 /Applications/XAMPP/xamppfiles/htdocs/daily/vendor/yiisoft/yii2/db/Connection.php(858): yii\db\Connection->open()
#1 /Applications/XAMPP/xamppfiles/htdocs/daily/vendor/yiisoft/yii2/db/Connection.php(845): yii\db\Connection->getMasterPdo()
#2 /Applications/XAMPP/xamppfiles/htdocs/daily/vendor/yiisoft/yii2/db/Command.php(219): yii\db\Connection->getSlavePdo()
#3 /Applications/XAMPP/xamppfiles/htdocs/daily/vendor/yiisoft/yii2/db/Command.php(834): yii\db\Command->prepare(true)
#4 /Applications/XAMPP/xamppfiles/htdocs/daily/vendor/yiisoft/yii2/db/Command.php(362): yii\db\Command->queryInternal('fetchAll', NULL)
#5 /Applications/XAMPP/xamppfiles/htdocs/daily/vendor/yiisoft/yii2/db/mysql/Schema.php(198): yii\db\Command->queryAll()
#6 /Applications/XAMPP/xamppfiles/htdocs/daily/vendor/yiisoft/yii2/db/mysql/Schema.php(97): yii\db\mysql\Schema->findColumns(Object(yii\db\TableSchema))
#7 /Applications/XAMPP/xamppfiles/htdocs/daily/vendor/yiisoft/yii2/db/Schema.php(146): yii\db\mysql\Schema->loadTableSchema('migration')
#8 /Applications/XAMPP/xamppfiles/htdocs/daily/vendor/yiisoft/yii2/console/controllers/MigrateController.php(132): yii\db\Schema->getTableSchema('{{%migration}}', true)
#9 /Applications/XAMPP/xamppfiles/htdocs/daily/vendor/yiisoft/yii2/console/controllers/BaseMigrateController.php(680): yii\console\controllers\MigrateController->getMigrationHistory(NULL)
#10 /Applications/XAMPP/xamppfiles/htdocs/daily/vendor/yiisoft/yii2/console/controllers/BaseMigrateController.php(123): yii\console\controllers\BaseMigrateController->getNewMigrations()
#11 [internal function]: yii\console\controllers\BaseMigrateController->actionUp('create', 'user')
#12 /Applications/XAMPP/xamppfiles/htdocs/daily/vendor/yiisoft/yii2/base/InlineAction.php(55): call_user_func_array(Array, Array)
#13 /Applications/XAMPP/xamppfiles/htdocs/daily/vendor/yiisoft/yii2/base/Controller.php(154): yii\base\InlineAction->runWithParams(Array)
#14 /Applications/XAMPP/xamppfiles/htdocs/daily/vendor/yiisoft/yii2/console/Controller.php(108): yii\base\Controller->runAction('', Array)
#15 /Applications/XAMPP/xamppfiles/htdocs/daily/vendor/yiisoft/yii2/base/Module.php(454): yii\console\Controller->runAction('', Array)
#16 /Applications/XAMPP/xamppfiles/htdocs/daily/vendor/yiisoft/yii2/console/Application.php(167): yii\base\Module->runAction('migrate', Array)
#17 /Applications/XAMPP/xamppfiles/htdocs/daily/vendor/yiisoft/yii2/console/Application.php(143): yii\console\Application->runAction('migrate', Array)
#18 /Applications/XAMPP/xamppfiles/htdocs/daily/vendor/yiisoft/yii2/base/Application.php(375): yii\console\Application->handleRequest(Object(yii\console\Request))
#19 /Applications/XAMPP/xamppfiles/htdocs/daily/yii(27): yii\base\Application->run()
#20 {main}
Additional Information:

2016-02-27 18:08:05 [-][-][-][info][application] $_SERVER = [
    'TERM_PROGRAM' => 'iTerm.app'
    'SHELL' => '/bin/bash'
    'TERM' => 'xterm-256color'
    'TMPDIR' => '/var/folders/w7/m2vyffgs17x75t00nscbbwl40000gn/T/'
    'Apple_PubSub_Socket_Render' => '/private/tmp/com.apple.launchd.954fCaDdsY/Render'
    'OLDPWD' => '/Applications/XAMPP/xamppfiles/htdocs'
    'USER' => 'Monster000'
    'SSH_AUTH_SOCK' => '/private/tmp/com.apple.launchd.rbFXlQabDo/Listeners'
    '__CF_USER_TEXT_ENCODING' => '0x1F5:0x19:0x34'
    'PATH' => '/usr/local/bin:/usr/bin:/bin:/usr/sbin:/sbin'
    'PWD' => '/Applications/XAMPP/xamppfiles/htdocs/daily'
    'LANG' => 'zh_CN.UTF-8'
    'ITERM_PROFILE' => 'Default'
    'XPC_FLAGS' => '0x0'
    'XPC_SERVICE_NAME' => '0'
    'SHLVL' => '1'
    'COLORFGBG' => '7;0'
    'HOME' => '/Users/Monster000'
    'ITERM_SESSION_ID' => 'w0t3p0'
    'LOGNAME' => 'Monster000'
    '_' => './yii'
    'PHP_SELF' => './yii'
    'SCRIPT_NAME' => './yii'
    'SCRIPT_FILENAME' => './yii'
    'PATH_TRANSLATED' => './yii'
    'DOCUMENT_ROOT' => ''
    'REQUEST_TIME_FLOAT' => 1456596485.9882
    'REQUEST_TIME' => 1456596485
    'argv' => [
        0 => './yii'
        1 => 'migrate'
        2 => 'create'
        3 => 'user'
    ]
    'argc' => 4
]
2016-02-27 18:09:32 [-][-][-][error][yii\db\Exception] exception 'PDOException' with message 'SQLSTATE[HY000] [2002] No such file or directory' in /Applications/XAMPP/xamppfiles/htdocs/daily/vendor/yiisoft/yii2/db/Connection.php:600
Stack trace:
#0 /Applications/XAMPP/xamppfiles/htdocs/daily/vendor/yiisoft/yii2/db/Connection.php(600): PDO->__construct('mysql:host=loca...', 'root', '', NULL)
#1 /Applications/XAMPP/xamppfiles/htdocs/daily/vendor/yiisoft/yii2/db/Connection.php(542): yii\db\Connection->createPdoInstance()
#2 /Applications/XAMPP/xamppfiles/htdocs/daily/vendor/yiisoft/yii2/db/Connection.php(858): yii\db\Connection->open()
#3 /Applications/XAMPP/xamppfiles/htdocs/daily/vendor/yiisoft/yii2/db/Connection.php(845): yii\db\Connection->getMasterPdo()
#4 /Applications/XAMPP/xamppfiles/htdocs/daily/vendor/yiisoft/yii2/db/Command.php(219): yii\db\Connection->getSlavePdo()
#5 /Applications/XAMPP/xamppfiles/htdocs/daily/vendor/yiisoft/yii2/db/Command.php(834): yii\db\Command->prepare(true)
#6 /Applications/XAMPP/xamppfiles/htdocs/daily/vendor/yiisoft/yii2/db/Command.php(362): yii\db\Command->queryInternal('fetchAll', NULL)
#7 /Applications/XAMPP/xamppfiles/htdocs/daily/vendor/yiisoft/yii2/db/mysql/Schema.php(198): yii\db\Command->queryAll()
#8 /Applications/XAMPP/xamppfiles/htdocs/daily/vendor/yiisoft/yii2/db/mysql/Schema.php(97): yii\db\mysql\Schema->findColumns(Object(yii\db\TableSchema))
#9 /Applications/XAMPP/xamppfiles/htdocs/daily/vendor/yiisoft/yii2/db/Schema.php(146): yii\db\mysql\Schema->loadTableSchema('migration')
#10 /Applications/XAMPP/xamppfiles/htdocs/daily/vendor/yiisoft/yii2/console/controllers/MigrateController.php(132): yii\db\Schema->getTableSchema('{{%migration}}', true)
#11 /Applications/XAMPP/xamppfiles/htdocs/daily/vendor/yiisoft/yii2/console/controllers/BaseMigrateController.php(680): yii\console\controllers\MigrateController->getMigrationHistory(NULL)
#12 /Applications/XAMPP/xamppfiles/htdocs/daily/vendor/yiisoft/yii2/console/controllers/BaseMigrateController.php(123): yii\console\controllers\BaseMigrateController->getNewMigrations()
#13 [internal function]: yii\console\controllers\BaseMigrateController->actionUp('create', 'user')
#14 /Applications/XAMPP/xamppfiles/htdocs/daily/vendor/yiisoft/yii2/base/InlineAction.php(55): call_user_func_array(Array, Array)
#15 /Applications/XAMPP/xamppfiles/htdocs/daily/vendor/yiisoft/yii2/base/Controller.php(154): yii\base\InlineAction->runWithParams(Array)
#16 /Applications/XAMPP/xamppfiles/htdocs/daily/vendor/yiisoft/yii2/console/Controller.php(108): yii\base\Controller->runAction('', Array)
#17 /Applications/XAMPP/xamppfiles/htdocs/daily/vendor/yiisoft/yii2/base/Module.php(454): yii\console\Controller->runAction('', Array)
#18 /Applications/XAMPP/xamppfiles/htdocs/daily/vendor/yiisoft/yii2/console/Application.php(167): yii\base\Module->runAction('migrate', Array)
#19 /Applications/XAMPP/xamppfiles/htdocs/daily/vendor/yiisoft/yii2/console/Application.php(143): yii\console\Application->runAction('migrate', Array)
#20 /Applications/XAMPP/xamppfiles/htdocs/daily/vendor/yiisoft/yii2/base/Application.php(375): yii\console\Application->handleRequest(Object(yii\console\Request))
#21 /Applications/XAMPP/xamppfiles/htdocs/daily/yii(27): yii\base\Application->run()
#22 {main}

Next exception 'yii\db\Exception' with message 'SQLSTATE[HY000] [2002] No such file or directory' in /Applications/XAMPP/xamppfiles/htdocs/daily/vendor/yiisoft/yii2/db/Connection.php:547
Stack trace:
#0 /Applications/XAMPP/xamppfiles/htdocs/daily/vendor/yiisoft/yii2/db/Connection.php(858): yii\db\Connection->open()
#1 /Applications/XAMPP/xamppfiles/htdocs/daily/vendor/yiisoft/yii2/db/Connection.php(845): yii\db\Connection->getMasterPdo()
#2 /Applications/XAMPP/xamppfiles/htdocs/daily/vendor/yiisoft/yii2/db/Command.php(219): yii\db\Connection->getSlavePdo()
#3 /Applications/XAMPP/xamppfiles/htdocs/daily/vendor/yiisoft/yii2/db/Command.php(834): yii\db\Command->prepare(true)
#4 /Applications/XAMPP/xamppfiles/htdocs/daily/vendor/yiisoft/yii2/db/Command.php(362): yii\db\Command->queryInternal('fetchAll', NULL)
#5 /Applications/XAMPP/xamppfiles/htdocs/daily/vendor/yiisoft/yii2/db/mysql/Schema.php(198): yii\db\Command->queryAll()
#6 /Applications/XAMPP/xamppfiles/htdocs/daily/vendor/yiisoft/yii2/db/mysql/Schema.php(97): yii\db\mysql\Schema->findColumns(Object(yii\db\TableSchema))
#7 /Applications/XAMPP/xamppfiles/htdocs/daily/vendor/yiisoft/yii2/db/Schema.php(146): yii\db\mysql\Schema->loadTableSchema('migration')
#8 /Applications/XAMPP/xamppfiles/htdocs/daily/vendor/yiisoft/yii2/console/controllers/MigrateController.php(132): yii\db\Schema->getTableSchema('{{%migration}}', true)
#9 /Applications/XAMPP/xamppfiles/htdocs/daily/vendor/yiisoft/yii2/console/controllers/BaseMigrateController.php(680): yii\console\controllers\MigrateController->getMigrationHistory(NULL)
#10 /Applications/XAMPP/xamppfiles/htdocs/daily/vendor/yiisoft/yii2/console/controllers/BaseMigrateController.php(123): yii\console\controllers\BaseMigrateController->getNewMigrations()
#11 [internal function]: yii\console\controllers\BaseMigrateController->actionUp('create', 'user')
#12 /Applications/XAMPP/xamppfiles/htdocs/daily/vendor/yiisoft/yii2/base/InlineAction.php(55): call_user_func_array(Array, Array)
#13 /Applications/XAMPP/xamppfiles/htdocs/daily/vendor/yiisoft/yii2/base/Controller.php(154): yii\base\InlineAction->runWithParams(Array)
#14 /Applications/XAMPP/xamppfiles/htdocs/daily/vendor/yiisoft/yii2/console/Controller.php(108): yii\base\Controller->runAction('', Array)
#15 /Applications/XAMPP/xamppfiles/htdocs/daily/vendor/yiisoft/yii2/base/Module.php(454): yii\console\Controller->runAction('', Array)
#16 /Applications/XAMPP/xamppfiles/htdocs/daily/vendor/yiisoft/yii2/console/Application.php(167): yii\base\Module->runAction('migrate', Array)
#17 /Applications/XAMPP/xamppfiles/htdocs/daily/vendor/yiisoft/yii2/console/Application.php(143): yii\console\Application->runAction('migrate', Array)
#18 /Applications/XAMPP/xamppfiles/htdocs/daily/vendor/yiisoft/yii2/base/Application.php(375): yii\console\Application->handleRequest(Object(yii\console\Request))
#19 /Applications/XAMPP/xamppfiles/htdocs/daily/yii(27): yii\base\Application->run()
#20 {main}
Additional Information:

2016-02-27 18:09:32 [-][-][-][info][application] $_SERVER = [
    'TERM_PROGRAM' => 'iTerm.app'
    'SHELL' => '/bin/bash'
    'TERM' => 'xterm-256color'
    'TMPDIR' => '/var/folders/w7/m2vyffgs17x75t00nscbbwl40000gn/T/'
    'Apple_PubSub_Socket_Render' => '/private/tmp/com.apple.launchd.954fCaDdsY/Render'
    'OLDPWD' => '/Applications/XAMPP/xamppfiles/htdocs'
    'USER' => 'Monster000'
    'SSH_AUTH_SOCK' => '/private/tmp/com.apple.launchd.rbFXlQabDo/Listeners'
    '__CF_USER_TEXT_ENCODING' => '0x1F5:0x19:0x34'
    'PATH' => '/usr/local/bin:/usr/bin:/bin:/usr/sbin:/sbin'
    'PWD' => '/Applications/XAMPP/xamppfiles/htdocs/daily'
    'LANG' => 'zh_CN.UTF-8'
    'ITERM_PROFILE' => 'Default'
    'XPC_FLAGS' => '0x0'
    'XPC_SERVICE_NAME' => '0'
    'SHLVL' => '1'
    'COLORFGBG' => '7;0'
    'HOME' => '/Users/Monster000'
    'ITERM_SESSION_ID' => 'w0t3p0'
    'LOGNAME' => 'Monster000'
    '_' => './yii'
    'PHP_SELF' => './yii'
    'SCRIPT_NAME' => './yii'
    'SCRIPT_FILENAME' => './yii'
    'PATH_TRANSLATED' => './yii'
    'DOCUMENT_ROOT' => ''
    'REQUEST_TIME_FLOAT' => 1456596572.5171
    'REQUEST_TIME' => 1456596572
    'argv' => [
        0 => './yii'
        1 => 'migrate'
        2 => 'create'
        3 => 'user'
    ]
    'argc' => 4
]
2016-02-27 18:10:05 [-][-][-][error][yii\db\Exception] exception 'PDOException' with message 'SQLSTATE[HY000] [2002] No such file or directory' in /Applications/XAMPP/xamppfiles/htdocs/daily/vendor/yiisoft/yii2/db/Connection.php:600
Stack trace:
#0 /Applications/XAMPP/xamppfiles/htdocs/daily/vendor/yiisoft/yii2/db/Connection.php(600): PDO->__construct('mysql:host=loca...', 'root', '', NULL)
#1 /Applications/XAMPP/xamppfiles/htdocs/daily/vendor/yiisoft/yii2/db/Connection.php(542): yii\db\Connection->createPdoInstance()
#2 /Applications/XAMPP/xamppfiles/htdocs/daily/vendor/yiisoft/yii2/db/Connection.php(858): yii\db\Connection->open()
#3 /Applications/XAMPP/xamppfiles/htdocs/daily/vendor/yiisoft/yii2/db/Connection.php(845): yii\db\Connection->getMasterPdo()
#4 /Applications/XAMPP/xamppfiles/htdocs/daily/vendor/yiisoft/yii2/db/Command.php(219): yii\db\Connection->getSlavePdo()
#5 /Applications/XAMPP/xamppfiles/htdocs/daily/vendor/yiisoft/yii2/db/Command.php(834): yii\db\Command->prepare(true)
#6 /Applications/XAMPP/xamppfiles/htdocs/daily/vendor/yiisoft/yii2/db/Command.php(362): yii\db\Command->queryInternal('fetchAll', NULL)
#7 /Applications/XAMPP/xamppfiles/htdocs/daily/vendor/yiisoft/yii2/db/mysql/Schema.php(198): yii\db\Command->queryAll()
#8 /Applications/XAMPP/xamppfiles/htdocs/daily/vendor/yiisoft/yii2/db/mysql/Schema.php(97): yii\db\mysql\Schema->findColumns(Object(yii\db\TableSchema))
#9 /Applications/XAMPP/xamppfiles/htdocs/daily/vendor/yiisoft/yii2/db/Schema.php(146): yii\db\mysql\Schema->loadTableSchema('migration')
#10 /Applications/XAMPP/xamppfiles/htdocs/daily/vendor/yiisoft/yii2/console/controllers/MigrateController.php(132): yii\db\Schema->getTableSchema('{{%migration}}', true)
#11 /Applications/XAMPP/xamppfiles/htdocs/daily/vendor/yiisoft/yii2/console/controllers/BaseMigrateController.php(680): yii\console\controllers\MigrateController->getMigrationHistory(NULL)
#12 /Applications/XAMPP/xamppfiles/htdocs/daily/vendor/yiisoft/yii2/console/controllers/BaseMigrateController.php(123): yii\console\controllers\BaseMigrateController->getNewMigrations()
#13 [internal function]: yii\console\controllers\BaseMigrateController->actionUp('create', 'user')
#14 /Applications/XAMPP/xamppfiles/htdocs/daily/vendor/yiisoft/yii2/base/InlineAction.php(55): call_user_func_array(Array, Array)
#15 /Applications/XAMPP/xamppfiles/htdocs/daily/vendor/yiisoft/yii2/base/Controller.php(154): yii\base\InlineAction->runWithParams(Array)
#16 /Applications/XAMPP/xamppfiles/htdocs/daily/vendor/yiisoft/yii2/console/Controller.php(108): yii\base\Controller->runAction('', Array)
#17 /Applications/XAMPP/xamppfiles/htdocs/daily/vendor/yiisoft/yii2/base/Module.php(454): yii\console\Controller->runAction('', Array)
#18 /Applications/XAMPP/xamppfiles/htdocs/daily/vendor/yiisoft/yii2/console/Application.php(167): yii\base\Module->runAction('migrate', Array)
#19 /Applications/XAMPP/xamppfiles/htdocs/daily/vendor/yiisoft/yii2/console/Application.php(143): yii\console\Application->runAction('migrate', Array)
#20 /Applications/XAMPP/xamppfiles/htdocs/daily/vendor/yiisoft/yii2/base/Application.php(375): yii\console\Application->handleRequest(Object(yii\console\Request))
#21 /Applications/XAMPP/xamppfiles/htdocs/daily/yii(27): yii\base\Application->run()
#22 {main}

Next exception 'yii\db\Exception' with message 'SQLSTATE[HY000] [2002] No such file or directory' in /Applications/XAMPP/xamppfiles/htdocs/daily/vendor/yiisoft/yii2/db/Connection.php:547
Stack trace:
#0 /Applications/XAMPP/xamppfiles/htdocs/daily/vendor/yiisoft/yii2/db/Connection.php(858): yii\db\Connection->open()
#1 /Applications/XAMPP/xamppfiles/htdocs/daily/vendor/yiisoft/yii2/db/Connection.php(845): yii\db\Connection->getMasterPdo()
#2 /Applications/XAMPP/xamppfiles/htdocs/daily/vendor/yiisoft/yii2/db/Command.php(219): yii\db\Connection->getSlavePdo()
#3 /Applications/XAMPP/xamppfiles/htdocs/daily/vendor/yiisoft/yii2/db/Command.php(834): yii\db\Command->prepare(true)
#4 /Applications/XAMPP/xamppfiles/htdocs/daily/vendor/yiisoft/yii2/db/Command.php(362): yii\db\Command->queryInternal('fetchAll', NULL)
#5 /Applications/XAMPP/xamppfiles/htdocs/daily/vendor/yiisoft/yii2/db/mysql/Schema.php(198): yii\db\Command->queryAll()
#6 /Applications/XAMPP/xamppfiles/htdocs/daily/vendor/yiisoft/yii2/db/mysql/Schema.php(97): yii\db\mysql\Schema->findColumns(Object(yii\db\TableSchema))
#7 /Applications/XAMPP/xamppfiles/htdocs/daily/vendor/yiisoft/yii2/db/Schema.php(146): yii\db\mysql\Schema->loadTableSchema('migration')
#8 /Applications/XAMPP/xamppfiles/htdocs/daily/vendor/yiisoft/yii2/console/controllers/MigrateController.php(132): yii\db\Schema->getTableSchema('{{%migration}}', true)
#9 /Applications/XAMPP/xamppfiles/htdocs/daily/vendor/yiisoft/yii2/console/controllers/BaseMigrateController.php(680): yii\console\controllers\MigrateController->getMigrationHistory(NULL)
#10 /Applications/XAMPP/xamppfiles/htdocs/daily/vendor/yiisoft/yii2/console/controllers/BaseMigrateController.php(123): yii\console\controllers\BaseMigrateController->getNewMigrations()
#11 [internal function]: yii\console\controllers\BaseMigrateController->actionUp('create', 'user')
#12 /Applications/XAMPP/xamppfiles/htdocs/daily/vendor/yiisoft/yii2/base/InlineAction.php(55): call_user_func_array(Array, Array)
#13 /Applications/XAMPP/xamppfiles/htdocs/daily/vendor/yiisoft/yii2/base/Controller.php(154): yii\base\InlineAction->runWithParams(Array)
#14 /Applications/XAMPP/xamppfiles/htdocs/daily/vendor/yiisoft/yii2/console/Controller.php(108): yii\base\Controller->runAction('', Array)
#15 /Applications/XAMPP/xamppfiles/htdocs/daily/vendor/yiisoft/yii2/base/Module.php(454): yii\console\Controller->runAction('', Array)
#16 /Applications/XAMPP/xamppfiles/htdocs/daily/vendor/yiisoft/yii2/console/Application.php(167): yii\base\Module->runAction('migrate', Array)
#17 /Applications/XAMPP/xamppfiles/htdocs/daily/vendor/yiisoft/yii2/console/Application.php(143): yii\console\Application->runAction('migrate', Array)
#18 /Applications/XAMPP/xamppfiles/htdocs/daily/vendor/yiisoft/yii2/base/Application.php(375): yii\console\Application->handleRequest(Object(yii\console\Request))
#19 /Applications/XAMPP/xamppfiles/htdocs/daily/yii(27): yii\base\Application->run()
#20 {main}
Additional Information:

2016-02-27 18:10:05 [-][-][-][info][application] $_SERVER = [
    'TERM_PROGRAM' => 'iTerm.app'
    'SHELL' => '/bin/bash'
    'TERM' => 'xterm-256color'
    'TMPDIR' => '/var/folders/w7/m2vyffgs17x75t00nscbbwl40000gn/T/'
    'Apple_PubSub_Socket_Render' => '/private/tmp/com.apple.launchd.954fCaDdsY/Render'
    'OLDPWD' => '/Applications/XAMPP/xamppfiles/htdocs'
    'USER' => 'Monster000'
    'SSH_AUTH_SOCK' => '/private/tmp/com.apple.launchd.rbFXlQabDo/Listeners'
    '__CF_USER_TEXT_ENCODING' => '0x1F5:0x19:0x34'
    'PATH' => '/usr/local/bin:/usr/bin:/bin:/usr/sbin:/sbin'
    'PWD' => '/Applications/XAMPP/xamppfiles/htdocs/daily'
    'LANG' => 'zh_CN.UTF-8'
    'ITERM_PROFILE' => 'Default'
    'XPC_FLAGS' => '0x0'
    'XPC_SERVICE_NAME' => '0'
    'SHLVL' => '1'
    'COLORFGBG' => '7;0'
    'HOME' => '/Users/Monster000'
    'ITERM_SESSION_ID' => 'w0t3p0'
    'LOGNAME' => 'Monster000'
    '_' => './yii'
    'PHP_SELF' => './yii'
    'SCRIPT_NAME' => './yii'
    'SCRIPT_FILENAME' => './yii'
    'PATH_TRANSLATED' => './yii'
    'DOCUMENT_ROOT' => ''
    'REQUEST_TIME_FLOAT' => 1456596605.3314
    'REQUEST_TIME' => 1456596605
    'argv' => [
        0 => './yii'
        1 => 'migrate'
        2 => 'create'
        3 => 'user'
    ]
    'argc' => 4
]
2016-02-27 18:11:01 [-][-][-][error][yii\db\Exception] exception 'PDOException' with message 'SQLSTATE[HY000] [2002] No such file or directory' in /Applications/XAMPP/xamppfiles/htdocs/daily/vendor/yiisoft/yii2/db/Connection.php:600
Stack trace:
#0 /Applications/XAMPP/xamppfiles/htdocs/daily/vendor/yiisoft/yii2/db/Connection.php(600): PDO->__construct('mysql:host=loca...', 'root', '', NULL)
#1 /Applications/XAMPP/xamppfiles/htdocs/daily/vendor/yiisoft/yii2/db/Connection.php(542): yii\db\Connection->createPdoInstance()
#2 /Applications/XAMPP/xamppfiles/htdocs/daily/vendor/yiisoft/yii2/db/Connection.php(858): yii\db\Connection->open()
#3 /Applications/XAMPP/xamppfiles/htdocs/daily/vendor/yiisoft/yii2/db/Connection.php(845): yii\db\Connection->getMasterPdo()
#4 /Applications/XAMPP/xamppfiles/htdocs/daily/vendor/yiisoft/yii2/db/Command.php(219): yii\db\Connection->getSlavePdo()
#5 /Applications/XAMPP/xamppfiles/htdocs/daily/vendor/yiisoft/yii2/db/Command.php(834): yii\db\Command->prepare(true)
#6 /Applications/XAMPP/xamppfiles/htdocs/daily/vendor/yiisoft/yii2/db/Command.php(362): yii\db\Command->queryInternal('fetchAll', NULL)
#7 /Applications/XAMPP/xamppfiles/htdocs/daily/vendor/yiisoft/yii2/db/mysql/Schema.php(198): yii\db\Command->queryAll()
#8 /Applications/XAMPP/xamppfiles/htdocs/daily/vendor/yiisoft/yii2/db/mysql/Schema.php(97): yii\db\mysql\Schema->findColumns(Object(yii\db\TableSchema))
#9 /Applications/XAMPP/xamppfiles/htdocs/daily/vendor/yiisoft/yii2/db/Schema.php(146): yii\db\mysql\Schema->loadTableSchema('migration')
#10 /Applications/XAMPP/xamppfiles/htdocs/daily/vendor/yiisoft/yii2/console/controllers/MigrateController.php(132): yii\db\Schema->getTableSchema('{{%migration}}', true)
#11 /Applications/XAMPP/xamppfiles/htdocs/daily/vendor/yiisoft/yii2/console/controllers/BaseMigrateController.php(680): yii\console\controllers\MigrateController->getMigrationHistory(NULL)
#12 /Applications/XAMPP/xamppfiles/htdocs/daily/vendor/yiisoft/yii2/console/controllers/BaseMigrateController.php(123): yii\console\controllers\BaseMigrateController->getNewMigrations()
#13 [internal function]: yii\console\controllers\BaseMigrateController->actionUp('create', 'user')
#14 /Applications/XAMPP/xamppfiles/htdocs/daily/vendor/yiisoft/yii2/base/InlineAction.php(55): call_user_func_array(Array, Array)
#15 /Applications/XAMPP/xamppfiles/htdocs/daily/vendor/yiisoft/yii2/base/Controller.php(154): yii\base\InlineAction->runWithParams(Array)
#16 /Applications/XAMPP/xamppfiles/htdocs/daily/vendor/yiisoft/yii2/console/Controller.php(108): yii\base\Controller->runAction('', Array)
#17 /Applications/XAMPP/xamppfiles/htdocs/daily/vendor/yiisoft/yii2/base/Module.php(454): yii\console\Controller->runAction('', Array)
#18 /Applications/XAMPP/xamppfiles/htdocs/daily/vendor/yiisoft/yii2/console/Application.php(167): yii\base\Module->runAction('migrate', Array)
#19 /Applications/XAMPP/xamppfiles/htdocs/daily/vendor/yiisoft/yii2/console/Application.php(143): yii\console\Application->runAction('migrate', Array)
#20 /Applications/XAMPP/xamppfiles/htdocs/daily/vendor/yiisoft/yii2/base/Application.php(375): yii\console\Application->handleRequest(Object(yii\console\Request))
#21 /Applications/XAMPP/xamppfiles/htdocs/daily/yii(27): yii\base\Application->run()
#22 {main}

Next exception 'yii\db\Exception' with message 'SQLSTATE[HY000] [2002] No such file or directory' in /Applications/XAMPP/xamppfiles/htdocs/daily/vendor/yiisoft/yii2/db/Connection.php:547
Stack trace:
#0 /Applications/XAMPP/xamppfiles/htdocs/daily/vendor/yiisoft/yii2/db/Connection.php(858): yii\db\Connection->open()
#1 /Applications/XAMPP/xamppfiles/htdocs/daily/vendor/yiisoft/yii2/db/Connection.php(845): yii\db\Connection->getMasterPdo()
#2 /Applications/XAMPP/xamppfiles/htdocs/daily/vendor/yiisoft/yii2/db/Command.php(219): yii\db\Connection->getSlavePdo()
#3 /Applications/XAMPP/xamppfiles/htdocs/daily/vendor/yiisoft/yii2/db/Command.php(834): yii\db\Command->prepare(true)
#4 /Applications/XAMPP/xamppfiles/htdocs/daily/vendor/yiisoft/yii2/db/Command.php(362): yii\db\Command->queryInternal('fetchAll', NULL)
#5 /Applications/XAMPP/xamppfiles/htdocs/daily/vendor/yiisoft/yii2/db/mysql/Schema.php(198): yii\db\Command->queryAll()
#6 /Applications/XAMPP/xamppfiles/htdocs/daily/vendor/yiisoft/yii2/db/mysql/Schema.php(97): yii\db\mysql\Schema->findColumns(Object(yii\db\TableSchema))
#7 /Applications/XAMPP/xamppfiles/htdocs/daily/vendor/yiisoft/yii2/db/Schema.php(146): yii\db\mysql\Schema->loadTableSchema('migration')
#8 /Applications/XAMPP/xamppfiles/htdocs/daily/vendor/yiisoft/yii2/console/controllers/MigrateController.php(132): yii\db\Schema->getTableSchema('{{%migration}}', true)
#9 /Applications/XAMPP/xamppfiles/htdocs/daily/vendor/yiisoft/yii2/console/controllers/BaseMigrateController.php(680): yii\console\controllers\MigrateController->getMigrationHistory(NULL)
#10 /Applications/XAMPP/xamppfiles/htdocs/daily/vendor/yiisoft/yii2/console/controllers/BaseMigrateController.php(123): yii\console\controllers\BaseMigrateController->getNewMigrations()
#11 [internal function]: yii\console\controllers\BaseMigrateController->actionUp('create', 'user')
#12 /Applications/XAMPP/xamppfiles/htdocs/daily/vendor/yiisoft/yii2/base/InlineAction.php(55): call_user_func_array(Array, Array)
#13 /Applications/XAMPP/xamppfiles/htdocs/daily/vendor/yiisoft/yii2/base/Controller.php(154): yii\base\InlineAction->runWithParams(Array)
#14 /Applications/XAMPP/xamppfiles/htdocs/daily/vendor/yiisoft/yii2/console/Controller.php(108): yii\base\Controller->runAction('', Array)
#15 /Applications/XAMPP/xamppfiles/htdocs/daily/vendor/yiisoft/yii2/base/Module.php(454): yii\console\Controller->runAction('', Array)
#16 /Applications/XAMPP/xamppfiles/htdocs/daily/vendor/yiisoft/yii2/console/Application.php(167): yii\base\Module->runAction('migrate', Array)
#17 /Applications/XAMPP/xamppfiles/htdocs/daily/vendor/yiisoft/yii2/console/Application.php(143): yii\console\Application->runAction('migrate', Array)
#18 /Applications/XAMPP/xamppfiles/htdocs/daily/vendor/yiisoft/yii2/base/Application.php(375): yii\console\Application->handleRequest(Object(yii\console\Request))
#19 /Applications/XAMPP/xamppfiles/htdocs/daily/yii(27): yii\base\Application->run()
#20 {main}
Additional Information:

2016-02-27 18:11:01 [-][-][-][info][application] $_SERVER = [
    'TERM_PROGRAM' => 'iTerm.app'
    'SHELL' => '/bin/bash'
    'TERM' => 'xterm-256color'
    'TMPDIR' => '/var/folders/w7/m2vyffgs17x75t00nscbbwl40000gn/T/'
    'Apple_PubSub_Socket_Render' => '/private/tmp/com.apple.launchd.954fCaDdsY/Render'
    'OLDPWD' => '/Applications/XAMPP/xamppfiles/htdocs'
    'USER' => 'Monster000'
    'SSH_AUTH_SOCK' => '/private/tmp/com.apple.launchd.rbFXlQabDo/Listeners'
    '__CF_USER_TEXT_ENCODING' => '0x1F5:0x19:0x34'
    'PATH' => '/usr/local/bin:/usr/bin:/bin:/usr/sbin:/sbin'
    'PWD' => '/Applications/XAMPP/xamppfiles/htdocs/daily'
    'LANG' => 'zh_CN.UTF-8'
    'ITERM_PROFILE' => 'Default'
    'XPC_FLAGS' => '0x0'
    'XPC_SERVICE_NAME' => '0'
    'SHLVL' => '1'
    'COLORFGBG' => '7;0'
    'HOME' => '/Users/Monster000'
    'ITERM_SESSION_ID' => 'w0t3p0'
    'LOGNAME' => 'Monster000'
    '_' => './yii'
    'PHP_SELF' => './yii'
    'SCRIPT_NAME' => './yii'
    'SCRIPT_FILENAME' => './yii'
    'PATH_TRANSLATED' => './yii'
    'DOCUMENT_ROOT' => ''
    'REQUEST_TIME_FLOAT' => 1456596661.1074
    'REQUEST_TIME' => 1456596661
    'argv' => [
        0 => './yii'
        1 => 'migrate'
        2 => 'create'
        3 => 'user'
    ]
    'argc' => 4
]
2016-03-01 12:53:55 [-][-][-][error][yii\db\Exception] exception 'PDOException' with message 'SQLSTATE[HY000] [2002] No such file or directory' in /Applications/XAMPP/xamppfiles/htdocs/daily/vendor/yiisoft/yii2/db/Connection.php:600
Stack trace:
#0 /Applications/XAMPP/xamppfiles/htdocs/daily/vendor/yiisoft/yii2/db/Connection.php(600): PDO->__construct('mysql:host=loca...', 'root', '', NULL)
#1 /Applications/XAMPP/xamppfiles/htdocs/daily/vendor/yiisoft/yii2/db/Connection.php(542): yii\db\Connection->createPdoInstance()
#2 /Applications/XAMPP/xamppfiles/htdocs/daily/vendor/yiisoft/yii2/db/Connection.php(858): yii\db\Connection->open()
#3 /Applications/XAMPP/xamppfiles/htdocs/daily/vendor/yiisoft/yii2/db/Connection.php(845): yii\db\Connection->getMasterPdo()
#4 /Applications/XAMPP/xamppfiles/htdocs/daily/vendor/yiisoft/yii2/db/Command.php(219): yii\db\Connection->getSlavePdo()
#5 /Applications/XAMPP/xamppfiles/htdocs/daily/vendor/yiisoft/yii2/db/Command.php(834): yii\db\Command->prepare(true)
#6 /Applications/XAMPP/xamppfiles/htdocs/daily/vendor/yiisoft/yii2/db/Command.php(362): yii\db\Command->queryInternal('fetchAll', NULL)
#7 /Applications/XAMPP/xamppfiles/htdocs/daily/vendor/yiisoft/yii2/db/mysql/Schema.php(198): yii\db\Command->queryAll()
#8 /Applications/XAMPP/xamppfiles/htdocs/daily/vendor/yiisoft/yii2/db/mysql/Schema.php(97): yii\db\mysql\Schema->findColumns(Object(yii\db\TableSchema))
#9 /Applications/XAMPP/xamppfiles/htdocs/daily/vendor/yiisoft/yii2/db/Schema.php(146): yii\db\mysql\Schema->loadTableSchema('migration')
#10 /Applications/XAMPP/xamppfiles/htdocs/daily/vendor/yiisoft/yii2/console/controllers/MigrateController.php(132): yii\db\Schema->getTableSchema('{{%migration}}', true)
#11 /Applications/XAMPP/xamppfiles/htdocs/daily/vendor/yiisoft/yii2/console/controllers/BaseMigrateController.php(680): yii\console\controllers\MigrateController->getMigrationHistory(NULL)
#12 /Applications/XAMPP/xamppfiles/htdocs/daily/vendor/yiisoft/yii2/console/controllers/BaseMigrateController.php(123): yii\console\controllers\BaseMigrateController->getNewMigrations()
#13 [internal function]: yii\console\controllers\BaseMigrateController->actionUp(0)
#14 /Applications/XAMPP/xamppfiles/htdocs/daily/vendor/yiisoft/yii2/base/InlineAction.php(55): call_user_func_array(Array, Array)
#15 /Applications/XAMPP/xamppfiles/htdocs/daily/vendor/yiisoft/yii2/base/Controller.php(154): yii\base\InlineAction->runWithParams(Array)
#16 /Applications/XAMPP/xamppfiles/htdocs/daily/vendor/yiisoft/yii2/console/Controller.php(108): yii\base\Controller->runAction('', Array)
#17 /Applications/XAMPP/xamppfiles/htdocs/daily/vendor/yiisoft/yii2/base/Module.php(454): yii\console\Controller->runAction('', Array)
#18 /Applications/XAMPP/xamppfiles/htdocs/daily/vendor/yiisoft/yii2/console/Application.php(167): yii\base\Module->runAction('migrate', Array)
#19 /Applications/XAMPP/xamppfiles/htdocs/daily/vendor/yiisoft/yii2/console/Application.php(143): yii\console\Application->runAction('migrate', Array)
#20 /Applications/XAMPP/xamppfiles/htdocs/daily/vendor/yiisoft/yii2/base/Application.php(375): yii\console\Application->handleRequest(Object(yii\console\Request))
#21 /Applications/XAMPP/xamppfiles/htdocs/daily/yii(27): yii\base\Application->run()
#22 {main}

Next exception 'yii\db\Exception' with message 'SQLSTATE[HY000] [2002] No such file or directory' in /Applications/XAMPP/xamppfiles/htdocs/daily/vendor/yiisoft/yii2/db/Connection.php:547
Stack trace:
#0 /Applications/XAMPP/xamppfiles/htdocs/daily/vendor/yiisoft/yii2/db/Connection.php(858): yii\db\Connection->open()
#1 /Applications/XAMPP/xamppfiles/htdocs/daily/vendor/yiisoft/yii2/db/Connection.php(845): yii\db\Connection->getMasterPdo()
#2 /Applications/XAMPP/xamppfiles/htdocs/daily/vendor/yiisoft/yii2/db/Command.php(219): yii\db\Connection->getSlavePdo()
#3 /Applications/XAMPP/xamppfiles/htdocs/daily/vendor/yiisoft/yii2/db/Command.php(834): yii\db\Command->prepare(true)
#4 /Applications/XAMPP/xamppfiles/htdocs/daily/vendor/yiisoft/yii2/db/Command.php(362): yii\db\Command->queryInternal('fetchAll', NULL)
#5 /Applications/XAMPP/xamppfiles/htdocs/daily/vendor/yiisoft/yii2/db/mysql/Schema.php(198): yii\db\Command->queryAll()
#6 /Applications/XAMPP/xamppfiles/htdocs/daily/vendor/yiisoft/yii2/db/mysql/Schema.php(97): yii\db\mysql\Schema->findColumns(Object(yii\db\TableSchema))
#7 /Applications/XAMPP/xamppfiles/htdocs/daily/vendor/yiisoft/yii2/db/Schema.php(146): yii\db\mysql\Schema->loadTableSchema('migration')
#8 /Applications/XAMPP/xamppfiles/htdocs/daily/vendor/yiisoft/yii2/console/controllers/MigrateController.php(132): yii\db\Schema->getTableSchema('{{%migration}}', true)
#9 /Applications/XAMPP/xamppfiles/htdocs/daily/vendor/yiisoft/yii2/console/controllers/BaseMigrateController.php(680): yii\console\controllers\MigrateController->getMigrationHistory(NULL)
#10 /Applications/XAMPP/xamppfiles/htdocs/daily/vendor/yiisoft/yii2/console/controllers/BaseMigrateController.php(123): yii\console\controllers\BaseMigrateController->getNewMigrations()
#11 [internal function]: yii\console\controllers\BaseMigrateController->actionUp(0)
#12 /Applications/XAMPP/xamppfiles/htdocs/daily/vendor/yiisoft/yii2/base/InlineAction.php(55): call_user_func_array(Array, Array)
#13 /Applications/XAMPP/xamppfiles/htdocs/daily/vendor/yiisoft/yii2/base/Controller.php(154): yii\base\InlineAction->runWithParams(Array)
#14 /Applications/XAMPP/xamppfiles/htdocs/daily/vendor/yiisoft/yii2/console/Controller.php(108): yii\base\Controller->runAction('', Array)
#15 /Applications/XAMPP/xamppfiles/htdocs/daily/vendor/yiisoft/yii2/base/Module.php(454): yii\console\Controller->runAction('', Array)
#16 /Applications/XAMPP/xamppfiles/htdocs/daily/vendor/yiisoft/yii2/console/Application.php(167): yii\base\Module->runAction('migrate', Array)
#17 /Applications/XAMPP/xamppfiles/htdocs/daily/vendor/yiisoft/yii2/console/Application.php(143): yii\console\Application->runAction('migrate', Array)
#18 /Applications/XAMPP/xamppfiles/htdocs/daily/vendor/yiisoft/yii2/base/Application.php(375): yii\console\Application->handleRequest(Object(yii\console\Request))
#19 /Applications/XAMPP/xamppfiles/htdocs/daily/yii(27): yii\base\Application->run()
#20 {main}
Additional Information:

2016-03-01 12:53:55 [-][-][-][info][application] $_SERVER = [
    'TERM_PROGRAM' => 'iTerm.app'
    'SHELL' => '/bin/bash'
    'TERM' => 'xterm-256color'
    'TMPDIR' => '/var/folders/w7/m2vyffgs17x75t00nscbbwl40000gn/T/'
    'Apple_PubSub_Socket_Render' => '/private/tmp/com.apple.launchd.954fCaDdsY/Render'
    'USER' => 'Monster000'
    'SSH_AUTH_SOCK' => '/private/tmp/com.apple.launchd.rbFXlQabDo/Listeners'
    '__CF_USER_TEXT_ENCODING' => '0x1F5:0x19:0x34'
    'PATH' => '/usr/local/bin:/usr/bin:/bin:/usr/sbin:/sbin'
    'PWD' => '/Applications/XAMPP/xamppfiles/htdocs/daily'
    'LANG' => 'zh_CN.UTF-8'
    'ITERM_PROFILE' => 'Default'
    'XPC_FLAGS' => '0x0'
    'XPC_SERVICE_NAME' => '0'
    'SHLVL' => '1'
    'COLORFGBG' => '7;0'
    'HOME' => '/Users/Monster000'
    'ITERM_SESSION_ID' => 'w0t2p0'
    'LOGNAME' => 'Monster000'
    '_' => './yii'
    'OLDPWD' => '/Applications/XAMPP/xamppfiles/htdocs'
    'PHP_SELF' => './yii'
    'SCRIPT_NAME' => './yii'
    'SCRIPT_FILENAME' => './yii'
    'PATH_TRANSLATED' => './yii'
    'DOCUMENT_ROOT' => ''
    'REQUEST_TIME_FLOAT' => 1456836835.2506
    'REQUEST_TIME' => 1456836835
    'argv' => [
        0 => './yii'
        1 => 'migrate'
    ]
    'argc' => 2
]
2016-03-01 12:54:11 [-][-][-][error][yii\console\Exception] exception 'yii\base\InvalidRouteException' with message 'Unable to resolve the request: migrate/do' in /Applications/XAMPP/xamppfiles/htdocs/daily/vendor/yiisoft/yii2/base/Controller.php:125
Stack trace:
#0 /Applications/XAMPP/xamppfiles/htdocs/daily/vendor/yiisoft/yii2/console/Controller.php(108): yii\base\Controller->runAction('do', Array)
#1 /Applications/XAMPP/xamppfiles/htdocs/daily/vendor/yiisoft/yii2/base/Module.php(454): yii\console\Controller->runAction('do', Array)
#2 /Applications/XAMPP/xamppfiles/htdocs/daily/vendor/yiisoft/yii2/console/Application.php(167): yii\base\Module->runAction('migrate/do', Array)
#3 /Applications/XAMPP/xamppfiles/htdocs/daily/vendor/yiisoft/yii2/console/Application.php(143): yii\console\Application->runAction('migrate/do', Array)
#4 /Applications/XAMPP/xamppfiles/htdocs/daily/vendor/yiisoft/yii2/base/Application.php(375): yii\console\Application->handleRequest(Object(yii\console\Request))
#5 /Applications/XAMPP/xamppfiles/htdocs/daily/yii(27): yii\base\Application->run()
#6 {main}

Next exception 'yii\console\Exception' with message 'Unknown command "migrate/do".' in /Applications/XAMPP/xamppfiles/htdocs/daily/vendor/yiisoft/yii2/console/Application.php:169
Stack trace:
#0 /Applications/XAMPP/xamppfiles/htdocs/daily/vendor/yiisoft/yii2/console/Application.php(143): yii\console\Application->runAction('migrate/do', Array)
#1 /Applications/XAMPP/xamppfiles/htdocs/daily/vendor/yiisoft/yii2/base/Application.php(375): yii\console\Application->handleRequest(Object(yii\console\Request))
#2 /Applications/XAMPP/xamppfiles/htdocs/daily/yii(27): yii\base\Application->run()
#3 {main}
2016-03-01 12:54:11 [-][-][-][info][application] $_SERVER = [
    'TERM_PROGRAM' => 'iTerm.app'
    'SHELL' => '/bin/bash'
    'TERM' => 'xterm-256color'
    'TMPDIR' => '/var/folders/w7/m2vyffgs17x75t00nscbbwl40000gn/T/'
    'Apple_PubSub_Socket_Render' => '/private/tmp/com.apple.launchd.954fCaDdsY/Render'
    'USER' => 'Monster000'
    'SSH_AUTH_SOCK' => '/private/tmp/com.apple.launchd.rbFXlQabDo/Listeners'
    '__CF_USER_TEXT_ENCODING' => '0x1F5:0x19:0x34'
    'PATH' => '/usr/local/bin:/usr/bin:/bin:/usr/sbin:/sbin'
    'PWD' => '/Applications/XAMPP/xamppfiles/htdocs/daily'
    'LANG' => 'zh_CN.UTF-8'
    'ITERM_PROFILE' => 'Default'
    'XPC_FLAGS' => '0x0'
    'XPC_SERVICE_NAME' => '0'
    'SHLVL' => '1'
    'COLORFGBG' => '7;0'
    'HOME' => '/Users/Monster000'
    'ITERM_SESSION_ID' => 'w0t2p0'
    'LOGNAME' => 'Monster000'
    '_' => './yii'
    'OLDPWD' => '/Applications/XAMPP/xamppfiles/htdocs'
    'PHP_SELF' => './yii'
    'SCRIPT_NAME' => './yii'
    'SCRIPT_FILENAME' => './yii'
    'PATH_TRANSLATED' => './yii'
    'DOCUMENT_ROOT' => ''
    'REQUEST_TIME_FLOAT' => 1456836851.8547
    'REQUEST_TIME' => 1456836851
    'argv' => [
        0 => './yii'
        1 => 'migrate/do'
    ]
    'argc' => 2
]
2016-03-01 12:54:23 [-][-][-][error][yii\db\Exception] exception 'PDOException' with message 'SQLSTATE[HY000] [2002] No such file or directory' in /Applications/XAMPP/xamppfiles/htdocs/daily/vendor/yiisoft/yii2/db/Connection.php:600
Stack trace:
#0 /Applications/XAMPP/xamppfiles/htdocs/daily/vendor/yiisoft/yii2/db/Connection.php(600): PDO->__construct('mysql:host=loca...', 'root', '', NULL)
#1 /Applications/XAMPP/xamppfiles/htdocs/daily/vendor/yiisoft/yii2/db/Connection.php(542): yii\db\Connection->createPdoInstance()
#2 /Applications/XAMPP/xamppfiles/htdocs/daily/vendor/yiisoft/yii2/db/Connection.php(858): yii\db\Connection->open()
#3 /Applications/XAMPP/xamppfiles/htdocs/daily/vendor/yiisoft/yii2/db/Connection.php(845): yii\db\Connection->getMasterPdo()
#4 /Applications/XAMPP/xamppfiles/htdocs/daily/vendor/yiisoft/yii2/db/Command.php(219): yii\db\Connection->getSlavePdo()
#5 /Applications/XAMPP/xamppfiles/htdocs/daily/vendor/yiisoft/yii2/db/Command.php(834): yii\db\Command->prepare(true)
#6 /Applications/XAMPP/xamppfiles/htdocs/daily/vendor/yiisoft/yii2/db/Command.php(362): yii\db\Command->queryInternal('fetchAll', NULL)
#7 /Applications/XAMPP/xamppfiles/htdocs/daily/vendor/yiisoft/yii2/db/mysql/Schema.php(198): yii\db\Command->queryAll()
#8 /Applications/XAMPP/xamppfiles/htdocs/daily/vendor/yiisoft/yii2/db/mysql/Schema.php(97): yii\db\mysql\Schema->findColumns(Object(yii\db\TableSchema))
#9 /Applications/XAMPP/xamppfiles/htdocs/daily/vendor/yiisoft/yii2/db/Schema.php(146): yii\db\mysql\Schema->loadTableSchema('migration')
#10 /Applications/XAMPP/xamppfiles/htdocs/daily/vendor/yiisoft/yii2/console/controllers/MigrateController.php(132): yii\db\Schema->getTableSchema('{{%migration}}', true)
#11 /Applications/XAMPP/xamppfiles/htdocs/daily/vendor/yiisoft/yii2/console/controllers/BaseMigrateController.php(680): yii\console\controllers\MigrateController->getMigrationHistory(NULL)
#12 /Applications/XAMPP/xamppfiles/htdocs/daily/vendor/yiisoft/yii2/console/controllers/BaseMigrateController.php(123): yii\console\controllers\BaseMigrateController->getNewMigrations()
#13 [internal function]: yii\console\controllers\BaseMigrateController->actionUp(0)
#14 /Applications/XAMPP/xamppfiles/htdocs/daily/vendor/yiisoft/yii2/base/InlineAction.php(55): call_user_func_array(Array, Array)
#15 /Applications/XAMPP/xamppfiles/htdocs/daily/vendor/yiisoft/yii2/base/Controller.php(154): yii\base\InlineAction->runWithParams(Array)
#16 /Applications/XAMPP/xamppfiles/htdocs/daily/vendor/yiisoft/yii2/console/Controller.php(108): yii\base\Controller->runAction('', Array)
#17 /Applications/XAMPP/xamppfiles/htdocs/daily/vendor/yiisoft/yii2/base/Module.php(454): yii\console\Controller->runAction('', Array)
#18 /Applications/XAMPP/xamppfiles/htdocs/daily/vendor/yiisoft/yii2/console/Application.php(167): yii\base\Module->runAction('migrate', Array)
#19 /Applications/XAMPP/xamppfiles/htdocs/daily/vendor/yiisoft/yii2/console/Application.php(143): yii\console\Application->runAction('migrate', Array)
#20 /Applications/XAMPP/xamppfiles/htdocs/daily/vendor/yiisoft/yii2/base/Application.php(375): yii\console\Application->handleRequest(Object(yii\console\Request))
#21 /Applications/XAMPP/xamppfiles/htdocs/daily/yii(27): yii\base\Application->run()
#22 {main}

Next exception 'yii\db\Exception' with message 'SQLSTATE[HY000] [2002] No such file or directory' in /Applications/XAMPP/xamppfiles/htdocs/daily/vendor/yiisoft/yii2/db/Connection.php:547
Stack trace:
#0 /Applications/XAMPP/xamppfiles/htdocs/daily/vendor/yiisoft/yii2/db/Connection.php(858): yii\db\Connection->open()
#1 /Applications/XAMPP/xamppfiles/htdocs/daily/vendor/yiisoft/yii2/db/Connection.php(845): yii\db\Connection->getMasterPdo()
#2 /Applications/XAMPP/xamppfiles/htdocs/daily/vendor/yiisoft/yii2/db/Command.php(219): yii\db\Connection->getSlavePdo()
#3 /Applications/XAMPP/xamppfiles/htdocs/daily/vendor/yiisoft/yii2/db/Command.php(834): yii\db\Command->prepare(true)
#4 /Applications/XAMPP/xamppfiles/htdocs/daily/vendor/yiisoft/yii2/db/Command.php(362): yii\db\Command->queryInternal('fetchAll', NULL)
#5 /Applications/XAMPP/xamppfiles/htdocs/daily/vendor/yiisoft/yii2/db/mysql/Schema.php(198): yii\db\Command->queryAll()
#6 /Applications/XAMPP/xamppfiles/htdocs/daily/vendor/yiisoft/yii2/db/mysql/Schema.php(97): yii\db\mysql\Schema->findColumns(Object(yii\db\TableSchema))
#7 /Applications/XAMPP/xamppfiles/htdocs/daily/vendor/yiisoft/yii2/db/Schema.php(146): yii\db\mysql\Schema->loadTableSchema('migration')
#8 /Applications/XAMPP/xamppfiles/htdocs/daily/vendor/yiisoft/yii2/console/controllers/MigrateController.php(132): yii\db\Schema->getTableSchema('{{%migration}}', true)
#9 /Applications/XAMPP/xamppfiles/htdocs/daily/vendor/yiisoft/yii2/console/controllers/BaseMigrateController.php(680): yii\console\controllers\MigrateController->getMigrationHistory(NULL)
#10 /Applications/XAMPP/xamppfiles/htdocs/daily/vendor/yiisoft/yii2/console/controllers/BaseMigrateController.php(123): yii\console\controllers\BaseMigrateController->getNewMigrations()
#11 [internal function]: yii\console\controllers\BaseMigrateController->actionUp(0)
#12 /Applications/XAMPP/xamppfiles/htdocs/daily/vendor/yiisoft/yii2/base/InlineAction.php(55): call_user_func_array(Array, Array)
#13 /Applications/XAMPP/xamppfiles/htdocs/daily/vendor/yiisoft/yii2/base/Controller.php(154): yii\base\InlineAction->runWithParams(Array)
#14 /Applications/XAMPP/xamppfiles/htdocs/daily/vendor/yiisoft/yii2/console/Controller.php(108): yii\base\Controller->runAction('', Array)
#15 /Applications/XAMPP/xamppfiles/htdocs/daily/vendor/yiisoft/yii2/base/Module.php(454): yii\console\Controller->runAction('', Array)
#16 /Applications/XAMPP/xamppfiles/htdocs/daily/vendor/yiisoft/yii2/console/Application.php(167): yii\base\Module->runAction('migrate', Array)
#17 /Applications/XAMPP/xamppfiles/htdocs/daily/vendor/yiisoft/yii2/console/Application.php(143): yii\console\Application->runAction('migrate', Array)
#18 /Applications/XAMPP/xamppfiles/htdocs/daily/vendor/yiisoft/yii2/base/Application.php(375): yii\console\Application->handleRequest(Object(yii\console\Request))
#19 /Applications/XAMPP/xamppfiles/htdocs/daily/yii(27): yii\base\Application->run()
#20 {main}
Additional Information:

2016-03-01 12:54:23 [-][-][-][info][application] $_SERVER = [
    'TERM_PROGRAM' => 'iTerm.app'
    'SHELL' => '/bin/bash'
    'TERM' => 'xterm-256color'
    'TMPDIR' => '/var/folders/w7/m2vyffgs17x75t00nscbbwl40000gn/T/'
    'Apple_PubSub_Socket_Render' => '/private/tmp/com.apple.launchd.954fCaDdsY/Render'
    'USER' => 'Monster000'
    'SSH_AUTH_SOCK' => '/private/tmp/com.apple.launchd.rbFXlQabDo/Listeners'
    '__CF_USER_TEXT_ENCODING' => '0x1F5:0x19:0x34'
    'PATH' => '/usr/local/bin:/usr/bin:/bin:/usr/sbin:/sbin'
    'PWD' => '/Applications/XAMPP/xamppfiles/htdocs/daily'
    'LANG' => 'zh_CN.UTF-8'
    'ITERM_PROFILE' => 'Default'
    'XPC_FLAGS' => '0x0'
    'XPC_SERVICE_NAME' => '0'
    'SHLVL' => '1'
    'COLORFGBG' => '7;0'
    'HOME' => '/Users/Monster000'
    'ITERM_SESSION_ID' => 'w0t2p0'
    'LOGNAME' => 'Monster000'
    '_' => './yii'
    'OLDPWD' => '/Applications/XAMPP/xamppfiles/htdocs'
    'PHP_SELF' => './yii'
    'SCRIPT_NAME' => './yii'
    'SCRIPT_FILENAME' => './yii'
    'PATH_TRANSLATED' => './yii'
    'DOCUMENT_ROOT' => ''
    'REQUEST_TIME_FLOAT' => 1456836863.8723
    'REQUEST_TIME' => 1456836863
    'argv' => [
        0 => './yii'
        1 => 'migrate'
    ]
    'argc' => 2
]
2016-03-01 13:04:05 [-][-][-][error][yii\db\Exception] exception 'PDOException' with message 'SQLSTATE[HY000] [2002] No such file or directory' in /Applications/XAMPP/xamppfiles/htdocs/daily/vendor/yiisoft/yii2/db/Connection.php:600
Stack trace:
#0 /Applications/XAMPP/xamppfiles/htdocs/daily/vendor/yiisoft/yii2/db/Connection.php(600): PDO->__construct('mysql:host=loca...', 'root', '', NULL)
#1 /Applications/XAMPP/xamppfiles/htdocs/daily/vendor/yiisoft/yii2/db/Connection.php(542): yii\db\Connection->createPdoInstance()
#2 /Applications/XAMPP/xamppfiles/htdocs/daily/vendor/yiisoft/yii2/db/Connection.php(858): yii\db\Connection->open()
#3 /Applications/XAMPP/xamppfiles/htdocs/daily/vendor/yiisoft/yii2/db/Connection.php(845): yii\db\Connection->getMasterPdo()
#4 /Applications/XAMPP/xamppfiles/htdocs/daily/vendor/yiisoft/yii2/db/Command.php(219): yii\db\Connection->getSlavePdo()
#5 /Applications/XAMPP/xamppfiles/htdocs/daily/vendor/yiisoft/yii2/db/Command.php(834): yii\db\Command->prepare(true)
#6 /Applications/XAMPP/xamppfiles/htdocs/daily/vendor/yiisoft/yii2/db/Command.php(362): yii\db\Command->queryInternal('fetchAll', NULL)
#7 /Applications/XAMPP/xamppfiles/htdocs/daily/vendor/yiisoft/yii2/db/mysql/Schema.php(198): yii\db\Command->queryAll()
#8 /Applications/XAMPP/xamppfiles/htdocs/daily/vendor/yiisoft/yii2/db/mysql/Schema.php(97): yii\db\mysql\Schema->findColumns(Object(yii\db\TableSchema))
#9 /Applications/XAMPP/xamppfiles/htdocs/daily/vendor/yiisoft/yii2/db/Schema.php(146): yii\db\mysql\Schema->loadTableSchema('migration')
#10 /Applications/XAMPP/xamppfiles/htdocs/daily/vendor/yiisoft/yii2/console/controllers/MigrateController.php(132): yii\db\Schema->getTableSchema('{{%migration}}', true)
#11 /Applications/XAMPP/xamppfiles/htdocs/daily/vendor/yiisoft/yii2/console/controllers/BaseMigrateController.php(680): yii\console\controllers\MigrateController->getMigrationHistory(NULL)
#12 /Applications/XAMPP/xamppfiles/htdocs/daily/vendor/yiisoft/yii2/console/controllers/BaseMigrateController.php(123): yii\console\controllers\BaseMigrateController->getNewMigrations()
#13 [internal function]: yii\console\controllers\BaseMigrateController->actionUp(0)
#14 /Applications/XAMPP/xamppfiles/htdocs/daily/vendor/yiisoft/yii2/base/InlineAction.php(55): call_user_func_array(Array, Array)
#15 /Applications/XAMPP/xamppfiles/htdocs/daily/vendor/yiisoft/yii2/base/Controller.php(154): yii\base\InlineAction->runWithParams(Array)
#16 /Applications/XAMPP/xamppfiles/htdocs/daily/vendor/yiisoft/yii2/console/Controller.php(108): yii\base\Controller->runAction('', Array)
#17 /Applications/XAMPP/xamppfiles/htdocs/daily/vendor/yiisoft/yii2/base/Module.php(454): yii\console\Controller->runAction('', Array)
#18 /Applications/XAMPP/xamppfiles/htdocs/daily/vendor/yiisoft/yii2/console/Application.php(167): yii\base\Module->runAction('migrate', Array)
#19 /Applications/XAMPP/xamppfiles/htdocs/daily/vendor/yiisoft/yii2/console/Application.php(143): yii\console\Application->runAction('migrate', Array)
#20 /Applications/XAMPP/xamppfiles/htdocs/daily/vendor/yiisoft/yii2/base/Application.php(375): yii\console\Application->handleRequest(Object(yii\console\Request))
#21 /Applications/XAMPP/xamppfiles/htdocs/daily/yii(27): yii\base\Application->run()
#22 {main}

Next exception 'yii\db\Exception' with message 'SQLSTATE[HY000] [2002] No such file or directory' in /Applications/XAMPP/xamppfiles/htdocs/daily/vendor/yiisoft/yii2/db/Connection.php:547
Stack trace:
#0 /Applications/XAMPP/xamppfiles/htdocs/daily/vendor/yiisoft/yii2/db/Connection.php(858): yii\db\Connection->open()
#1 /Applications/XAMPP/xamppfiles/htdocs/daily/vendor/yiisoft/yii2/db/Connection.php(845): yii\db\Connection->getMasterPdo()
#2 /Applications/XAMPP/xamppfiles/htdocs/daily/vendor/yiisoft/yii2/db/Command.php(219): yii\db\Connection->getSlavePdo()
#3 /Applications/XAMPP/xamppfiles/htdocs/daily/vendor/yiisoft/yii2/db/Command.php(834): yii\db\Command->prepare(true)
#4 /Applications/XAMPP/xamppfiles/htdocs/daily/vendor/yiisoft/yii2/db/Command.php(362): yii\db\Command->queryInternal('fetchAll', NULL)
#5 /Applications/XAMPP/xamppfiles/htdocs/daily/vendor/yiisoft/yii2/db/mysql/Schema.php(198): yii\db\Command->queryAll()
#6 /Applications/XAMPP/xamppfiles/htdocs/daily/vendor/yiisoft/yii2/db/mysql/Schema.php(97): yii\db\mysql\Schema->findColumns(Object(yii\db\TableSchema))
#7 /Applications/XAMPP/xamppfiles/htdocs/daily/vendor/yiisoft/yii2/db/Schema.php(146): yii\db\mysql\Schema->loadTableSchema('migration')
#8 /Applications/XAMPP/xamppfiles/htdocs/daily/vendor/yiisoft/yii2/console/controllers/MigrateController.php(132): yii\db\Schema->getTableSchema('{{%migration}}', true)
#9 /Applications/XAMPP/xamppfiles/htdocs/daily/vendor/yiisoft/yii2/console/controllers/BaseMigrateController.php(680): yii\console\controllers\MigrateController->getMigrationHistory(NULL)
#10 /Applications/XAMPP/xamppfiles/htdocs/daily/vendor/yiisoft/yii2/console/controllers/BaseMigrateController.php(123): yii\console\controllers\BaseMigrateController->getNewMigrations()
#11 [internal function]: yii\console\controllers\BaseMigrateController->actionUp(0)
#12 /Applications/XAMPP/xamppfiles/htdocs/daily/vendor/yiisoft/yii2/base/InlineAction.php(55): call_user_func_array(Array, Array)
#13 /Applications/XAMPP/xamppfiles/htdocs/daily/vendor/yiisoft/yii2/base/Controller.php(154): yii\base\InlineAction->runWithParams(Array)
#14 /Applications/XAMPP/xamppfiles/htdocs/daily/vendor/yiisoft/yii2/console/Controller.php(108): yii\base\Controller->runAction('', Array)
#15 /Applications/XAMPP/xamppfiles/htdocs/daily/vendor/yiisoft/yii2/base/Module.php(454): yii\console\Controller->runAction('', Array)
#16 /Applications/XAMPP/xamppfiles/htdocs/daily/vendor/yiisoft/yii2/console/Application.php(167): yii\base\Module->runAction('migrate', Array)
#17 /Applications/XAMPP/xamppfiles/htdocs/daily/vendor/yiisoft/yii2/console/Application.php(143): yii\console\Application->runAction('migrate', Array)
#18 /Applications/XAMPP/xamppfiles/htdocs/daily/vendor/yiisoft/yii2/base/Application.php(375): yii\console\Application->handleRequest(Object(yii\console\Request))
#19 /Applications/XAMPP/xamppfiles/htdocs/daily/yii(27): yii\base\Application->run()
#20 {main}
Additional Information:

2016-03-01 13:04:05 [-][-][-][info][application] $_SERVER = [
    'TERM_PROGRAM' => 'iTerm.app'
    'TERM' => 'xterm-256color'
    'SHELL' => '/bin/bash'
    'TMPDIR' => '/var/folders/w7/m2vyffgs17x75t00nscbbwl40000gn/T/'
    'Apple_PubSub_Socket_Render' => '/private/tmp/com.apple.launchd.jy5twPhz5U/Render'
    'USER' => 'Monster000'
    'COMMAND_MODE' => 'unix2003'
    'SSH_AUTH_SOCK' => '/private/tmp/com.apple.launchd.1sanPv8px6/Listeners'
    '__CF_USER_TEXT_ENCODING' => '0x1F5:0x19:0x34'
    'PATH' => '/usr/local/bin:/usr/bin:/bin:/usr/sbin:/sbin'
    'PWD' => '/Applications/XAMPP/xamppfiles/htdocs/daily'
    'LANG' => 'zh_CN.UTF-8'
    'ITERM_PROFILE' => 'Default'
    'XPC_FLAGS' => '0x0'
    'XPC_SERVICE_NAME' => '0'
    'SHLVL' => '1'
    'HOME' => '/Users/Monster000'
    'COLORFGBG' => '7;0'
    'ITERM_SESSION_ID' => 'w0t0p0'
    'LOGNAME' => 'Monster000'
    'SECURITYSESSIONID' => '186a7'
    '_' => './yii'
    'OLDPWD' => '/Applications/XAMPP/xamppfiles/htdocs'
    'PHP_SELF' => './yii'
    'SCRIPT_NAME' => './yii'
    'SCRIPT_FILENAME' => './yii'
    'PATH_TRANSLATED' => './yii'
    'DOCUMENT_ROOT' => ''
    'REQUEST_TIME_FLOAT' => 1456837445.0322
    'REQUEST_TIME' => 1456837445
    'argv' => [
        0 => './yii'
        1 => 'migrate'
    ]
    'argc' => 2
]
2016-03-01 13:05:16 [-][-][-][error][yii\db\Exception] exception 'PDOException' with message 'SQLSTATE[HY000] [2002] No such file or directory' in /Applications/XAMPP/xamppfiles/htdocs/daily/vendor/yiisoft/yii2/db/Connection.php:600
Stack trace:
#0 /Applications/XAMPP/xamppfiles/htdocs/daily/vendor/yiisoft/yii2/db/Connection.php(600): PDO->__construct('mysql:host=loca...', 'root', '', NULL)
#1 /Applications/XAMPP/xamppfiles/htdocs/daily/vendor/yiisoft/yii2/db/Connection.php(542): yii\db\Connection->createPdoInstance()
#2 /Applications/XAMPP/xamppfiles/htdocs/daily/vendor/yiisoft/yii2/db/Connection.php(858): yii\db\Connection->open()
#3 /Applications/XAMPP/xamppfiles/htdocs/daily/vendor/yiisoft/yii2/db/Connection.php(845): yii\db\Connection->getMasterPdo()
#4 /Applications/XAMPP/xamppfiles/htdocs/daily/vendor/yiisoft/yii2/db/Command.php(219): yii\db\Connection->getSlavePdo()
#5 /Applications/XAMPP/xamppfiles/htdocs/daily/vendor/yiisoft/yii2/db/Command.php(834): yii\db\Command->prepare(true)
#6 /Applications/XAMPP/xamppfiles/htdocs/daily/vendor/yiisoft/yii2/db/Command.php(362): yii\db\Command->queryInternal('fetchAll', NULL)
#7 /Applications/XAMPP/xamppfiles/htdocs/daily/vendor/yiisoft/yii2/db/mysql/Schema.php(198): yii\db\Command->queryAll()
#8 /Applications/XAMPP/xamppfiles/htdocs/daily/vendor/yiisoft/yii2/db/mysql/Schema.php(97): yii\db\mysql\Schema->findColumns(Object(yii\db\TableSchema))
#9 /Applications/XAMPP/xamppfiles/htdocs/daily/vendor/yiisoft/yii2/db/Schema.php(146): yii\db\mysql\Schema->loadTableSchema('migration')
#10 /Applications/XAMPP/xamppfiles/htdocs/daily/vendor/yiisoft/yii2/console/controllers/MigrateController.php(132): yii\db\Schema->getTableSchema('{{%migration}}', true)
#11 /Applications/XAMPP/xamppfiles/htdocs/daily/vendor/yiisoft/yii2/console/controllers/BaseMigrateController.php(680): yii\console\controllers\MigrateController->getMigrationHistory(NULL)
#12 /Applications/XAMPP/xamppfiles/htdocs/daily/vendor/yiisoft/yii2/console/controllers/BaseMigrateController.php(123): yii\console\controllers\BaseMigrateController->getNewMigrations()
#13 [internal function]: yii\console\controllers\BaseMigrateController->actionUp(0)
#14 /Applications/XAMPP/xamppfiles/htdocs/daily/vendor/yiisoft/yii2/base/InlineAction.php(55): call_user_func_array(Array, Array)
#15 /Applications/XAMPP/xamppfiles/htdocs/daily/vendor/yiisoft/yii2/base/Controller.php(154): yii\base\InlineAction->runWithParams(Array)
#16 /Applications/XAMPP/xamppfiles/htdocs/daily/vendor/yiisoft/yii2/console/Controller.php(108): yii\base\Controller->runAction('', Array)
#17 /Applications/XAMPP/xamppfiles/htdocs/daily/vendor/yiisoft/yii2/base/Module.php(454): yii\console\Controller->runAction('', Array)
#18 /Applications/XAMPP/xamppfiles/htdocs/daily/vendor/yiisoft/yii2/console/Application.php(167): yii\base\Module->runAction('migrate', Array)
#19 /Applications/XAMPP/xamppfiles/htdocs/daily/vendor/yiisoft/yii2/console/Application.php(143): yii\console\Application->runAction('migrate', Array)
#20 /Applications/XAMPP/xamppfiles/htdocs/daily/vendor/yiisoft/yii2/base/Application.php(375): yii\console\Application->handleRequest(Object(yii\console\Request))
#21 /Applications/XAMPP/xamppfiles/htdocs/daily/yii(27): yii\base\Application->run()
#22 {main}

Next exception 'yii\db\Exception' with message 'SQLSTATE[HY000] [2002] No such file or directory' in /Applications/XAMPP/xamppfiles/htdocs/daily/vendor/yiisoft/yii2/db/Connection.php:547
Stack trace:
#0 /Applications/XAMPP/xamppfiles/htdocs/daily/vendor/yiisoft/yii2/db/Connection.php(858): yii\db\Connection->open()
#1 /Applications/XAMPP/xamppfiles/htdocs/daily/vendor/yiisoft/yii2/db/Connection.php(845): yii\db\Connection->getMasterPdo()
#2 /Applications/XAMPP/xamppfiles/htdocs/daily/vendor/yiisoft/yii2/db/Command.php(219): yii\db\Connection->getSlavePdo()
#3 /Applications/XAMPP/xamppfiles/htdocs/daily/vendor/yiisoft/yii2/db/Command.php(834): yii\db\Command->prepare(true)
#4 /Applications/XAMPP/xamppfiles/htdocs/daily/vendor/yiisoft/yii2/db/Command.php(362): yii\db\Command->queryInternal('fetchAll', NULL)
#5 /Applications/XAMPP/xamppfiles/htdocs/daily/vendor/yiisoft/yii2/db/mysql/Schema.php(198): yii\db\Command->queryAll()
#6 /Applications/XAMPP/xamppfiles/htdocs/daily/vendor/yiisoft/yii2/db/mysql/Schema.php(97): yii\db\mysql\Schema->findColumns(Object(yii\db\TableSchema))
#7 /Applications/XAMPP/xamppfiles/htdocs/daily/vendor/yiisoft/yii2/db/Schema.php(146): yii\db\mysql\Schema->loadTableSchema('migration')
#8 /Applications/XAMPP/xamppfiles/htdocs/daily/vendor/yiisoft/yii2/console/controllers/MigrateController.php(132): yii\db\Schema->getTableSchema('{{%migration}}', true)
#9 /Applications/XAMPP/xamppfiles/htdocs/daily/vendor/yiisoft/yii2/console/controllers/BaseMigrateController.php(680): yii\console\controllers\MigrateController->getMigrationHistory(NULL)
#10 /Applications/XAMPP/xamppfiles/htdocs/daily/vendor/yiisoft/yii2/console/controllers/BaseMigrateController.php(123): yii\console\controllers\BaseMigrateController->getNewMigrations()
#11 [internal function]: yii\console\controllers\BaseMigrateController->actionUp(0)
#12 /Applications/XAMPP/xamppfiles/htdocs/daily/vendor/yiisoft/yii2/base/InlineAction.php(55): call_user_func_array(Array, Array)
#13 /Applications/XAMPP/xamppfiles/htdocs/daily/vendor/yiisoft/yii2/base/Controller.php(154): yii\base\InlineAction->runWithParams(Array)
#14 /Applications/XAMPP/xamppfiles/htdocs/daily/vendor/yiisoft/yii2/console/Controller.php(108): yii\base\Controller->runAction('', Array)
#15 /Applications/XAMPP/xamppfiles/htdocs/daily/vendor/yiisoft/yii2/base/Module.php(454): yii\console\Controller->runAction('', Array)
#16 /Applications/XAMPP/xamppfiles/htdocs/daily/vendor/yiisoft/yii2/console/Application.php(167): yii\base\Module->runAction('migrate', Array)
#17 /Applications/XAMPP/xamppfiles/htdocs/daily/vendor/yiisoft/yii2/console/Application.php(143): yii\console\Application->runAction('migrate', Array)
#18 /Applications/XAMPP/xamppfiles/htdocs/daily/vendor/yiisoft/yii2/base/Application.php(375): yii\console\Application->handleRequest(Object(yii\console\Request))
#19 /Applications/XAMPP/xamppfiles/htdocs/daily/yii(27): yii\base\Application->run()
#20 {main}
Additional Information:

2016-03-01 13:05:16 [-][-][-][info][application] $_SERVER = [
    'TERM_PROGRAM' => 'iTerm.app'
    'TERM' => 'xterm-256color'
    'SHELL' => '/bin/bash'
    'TMPDIR' => '/var/folders/w7/m2vyffgs17x75t00nscbbwl40000gn/T/'
    'Apple_PubSub_Socket_Render' => '/private/tmp/com.apple.launchd.jy5twPhz5U/Render'
    'USER' => 'Monster000'
    'COMMAND_MODE' => 'unix2003'
    'SSH_AUTH_SOCK' => '/private/tmp/com.apple.launchd.1sanPv8px6/Listeners'
    '__CF_USER_TEXT_ENCODING' => '0x1F5:0x19:0x34'
    'PATH' => '/usr/local/bin:/usr/bin:/bin:/usr/sbin:/sbin'
    'PWD' => '/Applications/XAMPP/xamppfiles/htdocs/daily'
    'LANG' => 'zh_CN.UTF-8'
    'ITERM_PROFILE' => 'Default'
    'XPC_FLAGS' => '0x0'
    'XPC_SERVICE_NAME' => '0'
    'SHLVL' => '1'
    'HOME' => '/Users/Monster000'
    'COLORFGBG' => '7;0'
    'ITERM_SESSION_ID' => 'w0t0p0'
    'LOGNAME' => 'Monster000'
    'SECURITYSESSIONID' => '186a7'
    '_' => './yii'
    'OLDPWD' => '/Applications/XAMPP/xamppfiles/htdocs'
    'PHP_SELF' => './yii'
    'SCRIPT_NAME' => './yii'
    'SCRIPT_FILENAME' => './yii'
    'PATH_TRANSLATED' => './yii'
    'DOCUMENT_ROOT' => ''
    'REQUEST_TIME_FLOAT' => 1456837516.1471
    'REQUEST_TIME' => 1456837516
    'argv' => [
        0 => './yii'
        1 => 'migrate'
    ]
    'argc' => 2
]
2016-03-01 13:08:12 [-][-][-][error][yii\db\Exception] exception 'PDOException' with message 'SQLSTATE[HY000] [2002] No such file or directory' in /Applications/XAMPP/xamppfiles/htdocs/daily/vendor/yiisoft/yii2/db/Connection.php:600
Stack trace:
#0 /Applications/XAMPP/xamppfiles/htdocs/daily/vendor/yiisoft/yii2/db/Connection.php(600): PDO->__construct('mysql:host=loca...', 'root', '', NULL)
#1 /Applications/XAMPP/xamppfiles/htdocs/daily/vendor/yiisoft/yii2/db/Connection.php(542): yii\db\Connection->createPdoInstance()
#2 /Applications/XAMPP/xamppfiles/htdocs/daily/vendor/yiisoft/yii2/db/Connection.php(858): yii\db\Connection->open()
#3 /Applications/XAMPP/xamppfiles/htdocs/daily/vendor/yiisoft/yii2/db/Connection.php(845): yii\db\Connection->getMasterPdo()
#4 /Applications/XAMPP/xamppfiles/htdocs/daily/vendor/yiisoft/yii2/db/Command.php(219): yii\db\Connection->getSlavePdo()
#5 /Applications/XAMPP/xamppfiles/htdocs/daily/vendor/yiisoft/yii2/db/Command.php(834): yii\db\Command->prepare(true)
#6 /Applications/XAMPP/xamppfiles/htdocs/daily/vendor/yiisoft/yii2/db/Command.php(362): yii\db\Command->queryInternal('fetchAll', NULL)
#7 /Applications/XAMPP/xamppfiles/htdocs/daily/vendor/yiisoft/yii2/db/mysql/Schema.php(198): yii\db\Command->queryAll()
#8 /Applications/XAMPP/xamppfiles/htdocs/daily/vendor/yiisoft/yii2/db/mysql/Schema.php(97): yii\db\mysql\Schema->findColumns(Object(yii\db\TableSchema))
#9 /Applications/XAMPP/xamppfiles/htdocs/daily/vendor/yiisoft/yii2/db/Schema.php(146): yii\db\mysql\Schema->loadTableSchema('migration')
#10 /Applications/XAMPP/xamppfiles/htdocs/daily/vendor/yiisoft/yii2/console/controllers/MigrateController.php(132): yii\db\Schema->getTableSchema('{{%migration}}', true)
#11 /Applications/XAMPP/xamppfiles/htdocs/daily/vendor/yiisoft/yii2/console/controllers/BaseMigrateController.php(680): yii\console\controllers\MigrateController->getMigrationHistory(NULL)
#12 /Applications/XAMPP/xamppfiles/htdocs/daily/vendor/yiisoft/yii2/console/controllers/BaseMigrateController.php(123): yii\console\controllers\BaseMigrateController->getNewMigrations()
#13 [internal function]: yii\console\controllers\BaseMigrateController->actionUp(0)
#14 /Applications/XAMPP/xamppfiles/htdocs/daily/vendor/yiisoft/yii2/base/InlineAction.php(55): call_user_func_array(Array, Array)
#15 /Applications/XAMPP/xamppfiles/htdocs/daily/vendor/yiisoft/yii2/base/Controller.php(154): yii\base\InlineAction->runWithParams(Array)
#16 /Applications/XAMPP/xamppfiles/htdocs/daily/vendor/yiisoft/yii2/console/Controller.php(108): yii\base\Controller->runAction('', Array)
#17 /Applications/XAMPP/xamppfiles/htdocs/daily/vendor/yiisoft/yii2/base/Module.php(454): yii\console\Controller->runAction('', Array)
#18 /Applications/XAMPP/xamppfiles/htdocs/daily/vendor/yiisoft/yii2/console/Application.php(167): yii\base\Module->runAction('migrate', Array)
#19 /Applications/XAMPP/xamppfiles/htdocs/daily/vendor/yiisoft/yii2/console/Application.php(143): yii\console\Application->runAction('migrate', Array)
#20 /Applications/XAMPP/xamppfiles/htdocs/daily/vendor/yiisoft/yii2/base/Application.php(375): yii\console\Application->handleRequest(Object(yii\console\Request))
#21 /Applications/XAMPP/xamppfiles/htdocs/daily/yii(27): yii\base\Application->run()
#22 {main}

Next exception 'yii\db\Exception' with message 'SQLSTATE[HY000] [2002] No such file or directory' in /Applications/XAMPP/xamppfiles/htdocs/daily/vendor/yiisoft/yii2/db/Connection.php:547
Stack trace:
#0 /Applications/XAMPP/xamppfiles/htdocs/daily/vendor/yiisoft/yii2/db/Connection.php(858): yii\db\Connection->open()
#1 /Applications/XAMPP/xamppfiles/htdocs/daily/vendor/yiisoft/yii2/db/Connection.php(845): yii\db\Connection->getMasterPdo()
#2 /Applications/XAMPP/xamppfiles/htdocs/daily/vendor/yiisoft/yii2/db/Command.php(219): yii\db\Connection->getSlavePdo()
#3 /Applications/XAMPP/xamppfiles/htdocs/daily/vendor/yiisoft/yii2/db/Command.php(834): yii\db\Command->prepare(true)
#4 /Applications/XAMPP/xamppfiles/htdocs/daily/vendor/yiisoft/yii2/db/Command.php(362): yii\db\Command->queryInternal('fetchAll', NULL)
#5 /Applications/XAMPP/xamppfiles/htdocs/daily/vendor/yiisoft/yii2/db/mysql/Schema.php(198): yii\db\Command->queryAll()
#6 /Applications/XAMPP/xamppfiles/htdocs/daily/vendor/yiisoft/yii2/db/mysql/Schema.php(97): yii\db\mysql\Schema->findColumns(Object(yii\db\TableSchema))
#7 /Applications/XAMPP/xamppfiles/htdocs/daily/vendor/yiisoft/yii2/db/Schema.php(146): yii\db\mysql\Schema->loadTableSchema('migration')
#8 /Applications/XAMPP/xamppfiles/htdocs/daily/vendor/yiisoft/yii2/console/controllers/MigrateController.php(132): yii\db\Schema->getTableSchema('{{%migration}}', true)
#9 /Applications/XAMPP/xamppfiles/htdocs/daily/vendor/yiisoft/yii2/console/controllers/BaseMigrateController.php(680): yii\console\controllers\MigrateController->getMigrationHistory(NULL)
#10 /Applications/XAMPP/xamppfiles/htdocs/daily/vendor/yiisoft/yii2/console/controllers/BaseMigrateController.php(123): yii\console\controllers\BaseMigrateController->getNewMigrations()
#11 [internal function]: yii\console\controllers\BaseMigrateController->actionUp(0)
#12 /Applications/XAMPP/xamppfiles/htdocs/daily/vendor/yiisoft/yii2/base/InlineAction.php(55): call_user_func_array(Array, Array)
#13 /Applications/XAMPP/xamppfiles/htdocs/daily/vendor/yiisoft/yii2/base/Controller.php(154): yii\base\InlineAction->runWithParams(Array)
#14 /Applications/XAMPP/xamppfiles/htdocs/daily/vendor/yiisoft/yii2/console/Controller.php(108): yii\base\Controller->runAction('', Array)
#15 /Applications/XAMPP/xamppfiles/htdocs/daily/vendor/yiisoft/yii2/base/Module.php(454): yii\console\Controller->runAction('', Array)
#16 /Applications/XAMPP/xamppfiles/htdocs/daily/vendor/yiisoft/yii2/console/Application.php(167): yii\base\Module->runAction('migrate', Array)
#17 /Applications/XAMPP/xamppfiles/htdocs/daily/vendor/yiisoft/yii2/console/Application.php(143): yii\console\Application->runAction('migrate', Array)
#18 /Applications/XAMPP/xamppfiles/htdocs/daily/vendor/yiisoft/yii2/base/Application.php(375): yii\console\Application->handleRequest(Object(yii\console\Request))
#19 /Applications/XAMPP/xamppfiles/htdocs/daily/yii(27): yii\base\Application->run()
#20 {main}
Additional Information:

2016-03-01 13:08:12 [-][-][-][info][application] $_SERVER = [
    'TERM_PROGRAM' => 'iTerm.app'
    'TERM' => 'xterm-256color'
    'SHELL' => '/bin/bash'
    'TMPDIR' => '/var/folders/w7/m2vyffgs17x75t00nscbbwl40000gn/T/'
    'Apple_PubSub_Socket_Render' => '/private/tmp/com.apple.launchd.jy5twPhz5U/Render'
    'USER' => 'Monster000'
    'COMMAND_MODE' => 'unix2003'
    'SSH_AUTH_SOCK' => '/private/tmp/com.apple.launchd.1sanPv8px6/Listeners'
    '__CF_USER_TEXT_ENCODING' => '0x1F5:0x19:0x34'
    'PATH' => '/usr/local/bin:/usr/bin:/bin:/usr/sbin:/sbin'
    'PWD' => '/Applications/XAMPP/xamppfiles/htdocs/daily'
    'LANG' => 'zh_CN.UTF-8'
    'ITERM_PROFILE' => 'Default'
    'XPC_FLAGS' => '0x0'
    'XPC_SERVICE_NAME' => '0'
    'SHLVL' => '1'
    'HOME' => '/Users/Monster000'
    'COLORFGBG' => '7;0'
    'ITERM_SESSION_ID' => 'w0t0p0'
    'LOGNAME' => 'Monster000'
    'SECURITYSESSIONID' => '186a7'
    '_' => './yii'
    'OLDPWD' => '/Applications/XAMPP/xamppfiles/htdocs'
    'PHP_SELF' => './yii'
    'SCRIPT_NAME' => './yii'
    'SCRIPT_FILENAME' => './yii'
    'PATH_TRANSLATED' => './yii'
    'DOCUMENT_ROOT' => ''
    'REQUEST_TIME_FLOAT' => 1456837692.028
    'REQUEST_TIME' => 1456837692
    'argv' => [
        0 => './yii'
        1 => 'migrate'
    ]
    'argc' => 2
]
2016-03-01 13:09:39 [-][-][-][error][yii\db\Exception] exception 'PDOException' with message 'SQLSTATE[HY000] [2002] No such file or directory' in /Applications/XAMPP/xamppfiles/htdocs/daily/vendor/yiisoft/yii2/db/Connection.php:600
Stack trace:
#0 /Applications/XAMPP/xamppfiles/htdocs/daily/vendor/yiisoft/yii2/db/Connection.php(600): PDO->__construct('mysql:host=loca...', 'root', '', NULL)
#1 /Applications/XAMPP/xamppfiles/htdocs/daily/vendor/yiisoft/yii2/db/Connection.php(542): yii\db\Connection->createPdoInstance()
#2 /Applications/XAMPP/xamppfiles/htdocs/daily/vendor/yiisoft/yii2/db/Connection.php(858): yii\db\Connection->open()
#3 /Applications/XAMPP/xamppfiles/htdocs/daily/vendor/yiisoft/yii2/db/Connection.php(845): yii\db\Connection->getMasterPdo()
#4 /Applications/XAMPP/xamppfiles/htdocs/daily/vendor/yiisoft/yii2/db/Command.php(219): yii\db\Connection->getSlavePdo()
#5 /Applications/XAMPP/xamppfiles/htdocs/daily/vendor/yiisoft/yii2/db/Command.php(834): yii\db\Command->prepare(true)
#6 /Applications/XAMPP/xamppfiles/htdocs/daily/vendor/yiisoft/yii2/db/Command.php(362): yii\db\Command->queryInternal('fetchAll', NULL)
#7 /Applications/XAMPP/xamppfiles/htdocs/daily/vendor/yiisoft/yii2/db/mysql/Schema.php(198): yii\db\Command->queryAll()
#8 /Applications/XAMPP/xamppfiles/htdocs/daily/vendor/yiisoft/yii2/db/mysql/Schema.php(97): yii\db\mysql\Schema->findColumns(Object(yii\db\TableSchema))
#9 /Applications/XAMPP/xamppfiles/htdocs/daily/vendor/yiisoft/yii2/db/Schema.php(146): yii\db\mysql\Schema->loadTableSchema('migration')
#10 /Applications/XAMPP/xamppfiles/htdocs/daily/vendor/yiisoft/yii2/console/controllers/MigrateController.php(132): yii\db\Schema->getTableSchema('{{%migration}}', true)
#11 /Applications/XAMPP/xamppfiles/htdocs/daily/vendor/yiisoft/yii2/console/controllers/BaseMigrateController.php(680): yii\console\controllers\MigrateController->getMigrationHistory(NULL)
#12 /Applications/XAMPP/xamppfiles/htdocs/daily/vendor/yiisoft/yii2/console/controllers/BaseMigrateController.php(123): yii\console\controllers\BaseMigrateController->getNewMigrations()
#13 [internal function]: yii\console\controllers\BaseMigrateController->actionUp(0)
#14 /Applications/XAMPP/xamppfiles/htdocs/daily/vendor/yiisoft/yii2/base/InlineAction.php(55): call_user_func_array(Array, Array)
#15 /Applications/XAMPP/xamppfiles/htdocs/daily/vendor/yiisoft/yii2/base/Controller.php(154): yii\base\InlineAction->runWithParams(Array)
#16 /Applications/XAMPP/xamppfiles/htdocs/daily/vendor/yiisoft/yii2/console/Controller.php(108): yii\base\Controller->runAction('', Array)
#17 /Applications/XAMPP/xamppfiles/htdocs/daily/vendor/yiisoft/yii2/base/Module.php(454): yii\console\Controller->runAction('', Array)
#18 /Applications/XAMPP/xamppfiles/htdocs/daily/vendor/yiisoft/yii2/console/Application.php(167): yii\base\Module->runAction('migrate', Array)
#19 /Applications/XAMPP/xamppfiles/htdocs/daily/vendor/yiisoft/yii2/console/Application.php(143): yii\console\Application->runAction('migrate', Array)
#20 /Applications/XAMPP/xamppfiles/htdocs/daily/vendor/yiisoft/yii2/base/Application.php(375): yii\console\Application->handleRequest(Object(yii\console\Request))
#21 /Applications/XAMPP/xamppfiles/htdocs/daily/yii(27): yii\base\Application->run()
#22 {main}

Next exception 'yii\db\Exception' with message 'SQLSTATE[HY000] [2002] No such file or directory' in /Applications/XAMPP/xamppfiles/htdocs/daily/vendor/yiisoft/yii2/db/Connection.php:547
Stack trace:
#0 /Applications/XAMPP/xamppfiles/htdocs/daily/vendor/yiisoft/yii2/db/Connection.php(858): yii\db\Connection->open()
#1 /Applications/XAMPP/xamppfiles/htdocs/daily/vendor/yiisoft/yii2/db/Connection.php(845): yii\db\Connection->getMasterPdo()
#2 /Applications/XAMPP/xamppfiles/htdocs/daily/vendor/yiisoft/yii2/db/Command.php(219): yii\db\Connection->getSlavePdo()
#3 /Applications/XAMPP/xamppfiles/htdocs/daily/vendor/yiisoft/yii2/db/Command.php(834): yii\db\Command->prepare(true)
#4 /Applications/XAMPP/xamppfiles/htdocs/daily/vendor/yiisoft/yii2/db/Command.php(362): yii\db\Command->queryInternal('fetchAll', NULL)
#5 /Applications/XAMPP/xamppfiles/htdocs/daily/vendor/yiisoft/yii2/db/mysql/Schema.php(198): yii\db\Command->queryAll()
#6 /Applications/XAMPP/xamppfiles/htdocs/daily/vendor/yiisoft/yii2/db/mysql/Schema.php(97): yii\db\mysql\Schema->findColumns(Object(yii\db\TableSchema))
#7 /Applications/XAMPP/xamppfiles/htdocs/daily/vendor/yiisoft/yii2/db/Schema.php(146): yii\db\mysql\Schema->loadTableSchema('migration')
#8 /Applications/XAMPP/xamppfiles/htdocs/daily/vendor/yiisoft/yii2/console/controllers/MigrateController.php(132): yii\db\Schema->getTableSchema('{{%migration}}', true)
#9 /Applications/XAMPP/xamppfiles/htdocs/daily/vendor/yiisoft/yii2/console/controllers/BaseMigrateController.php(680): yii\console\controllers\MigrateController->getMigrationHistory(NULL)
#10 /Applications/XAMPP/xamppfiles/htdocs/daily/vendor/yiisoft/yii2/console/controllers/BaseMigrateController.php(123): yii\console\controllers\BaseMigrateController->getNewMigrations()
#11 [internal function]: yii\console\controllers\BaseMigrateController->actionUp(0)
#12 /Applications/XAMPP/xamppfiles/htdocs/daily/vendor/yiisoft/yii2/base/InlineAction.php(55): call_user_func_array(Array, Array)
#13 /Applications/XAMPP/xamppfiles/htdocs/daily/vendor/yiisoft/yii2/base/Controller.php(154): yii\base\InlineAction->runWithParams(Array)
#14 /Applications/XAMPP/xamppfiles/htdocs/daily/vendor/yiisoft/yii2/console/Controller.php(108): yii\base\Controller->runAction('', Array)
#15 /Applications/XAMPP/xamppfiles/htdocs/daily/vendor/yiisoft/yii2/base/Module.php(454): yii\console\Controller->runAction('', Array)
#16 /Applications/XAMPP/xamppfiles/htdocs/daily/vendor/yiisoft/yii2/console/Application.php(167): yii\base\Module->runAction('migrate', Array)
#17 /Applications/XAMPP/xamppfiles/htdocs/daily/vendor/yiisoft/yii2/console/Application.php(143): yii\console\Application->runAction('migrate', Array)
#18 /Applications/XAMPP/xamppfiles/htdocs/daily/vendor/yiisoft/yii2/base/Application.php(375): yii\console\Application->handleRequest(Object(yii\console\Request))
#19 /Applications/XAMPP/xamppfiles/htdocs/daily/yii(27): yii\base\Application->run()
#20 {main}
Additional Information:

2016-03-01 13:09:39 [-][-][-][info][application] $_SERVER = [
    'TERM_PROGRAM' => 'iTerm.app'
    'TERM' => 'xterm-256color'
    'SHELL' => '/bin/bash'
    'TMPDIR' => '/var/folders/w7/m2vyffgs17x75t00nscbbwl40000gn/T/'
    'Apple_PubSub_Socket_Render' => '/private/tmp/com.apple.launchd.jy5twPhz5U/Render'
    'USER' => 'Monster000'
    'COMMAND_MODE' => 'unix2003'
    'SSH_AUTH_SOCK' => '/private/tmp/com.apple.launchd.1sanPv8px6/Listeners'
    '__CF_USER_TEXT_ENCODING' => '0x1F5:0x19:0x34'
    'PATH' => '/usr/local/bin:/usr/bin:/bin:/usr/sbin:/sbin'
    'PWD' => '/Applications/XAMPP/xamppfiles/htdocs/daily'
    'LANG' => 'zh_CN.UTF-8'
    'ITERM_PROFILE' => 'Default'
    'XPC_FLAGS' => '0x0'
    'XPC_SERVICE_NAME' => '0'
    'SHLVL' => '1'
    'HOME' => '/Users/Monster000'
    'COLORFGBG' => '7;0'
    'ITERM_SESSION_ID' => 'w0t0p0'
    'LOGNAME' => 'Monster000'
    'SECURITYSESSIONID' => '186a7'
    '_' => './yii'
    'OLDPWD' => '/Applications/XAMPP/xamppfiles/htdocs'
    'PHP_SELF' => './yii'
    'SCRIPT_NAME' => './yii'
    'SCRIPT_FILENAME' => './yii'
    'PATH_TRANSLATED' => './yii'
    'DOCUMENT_ROOT' => ''
    'REQUEST_TIME_FLOAT' => 1456837779.7284
    'REQUEST_TIME' => 1456837779
    'argv' => [
        0 => './yii'
        1 => 'migrate'
    ]
    'argc' => 2
]
2016-03-01 13:09:41 [-][-][-][error][yii\db\Exception] exception 'PDOException' with message 'SQLSTATE[HY000] [2002] No such file or directory' in /Applications/XAMPP/xamppfiles/htdocs/daily/vendor/yiisoft/yii2/db/Connection.php:600
Stack trace:
#0 /Applications/XAMPP/xamppfiles/htdocs/daily/vendor/yiisoft/yii2/db/Connection.php(600): PDO->__construct('mysql:host=loca...', 'root', '', NULL)
#1 /Applications/XAMPP/xamppfiles/htdocs/daily/vendor/yiisoft/yii2/db/Connection.php(542): yii\db\Connection->createPdoInstance()
#2 /Applications/XAMPP/xamppfiles/htdocs/daily/vendor/yiisoft/yii2/db/Connection.php(858): yii\db\Connection->open()
#3 /Applications/XAMPP/xamppfiles/htdocs/daily/vendor/yiisoft/yii2/db/Connection.php(845): yii\db\Connection->getMasterPdo()
#4 /Applications/XAMPP/xamppfiles/htdocs/daily/vendor/yiisoft/yii2/db/Command.php(219): yii\db\Connection->getSlavePdo()
#5 /Applications/XAMPP/xamppfiles/htdocs/daily/vendor/yiisoft/yii2/db/Command.php(834): yii\db\Command->prepare(true)
#6 /Applications/XAMPP/xamppfiles/htdocs/daily/vendor/yiisoft/yii2/db/Command.php(362): yii\db\Command->queryInternal('fetchAll', NULL)
#7 /Applications/XAMPP/xamppfiles/htdocs/daily/vendor/yiisoft/yii2/db/mysql/Schema.php(198): yii\db\Command->queryAll()
#8 /Applications/XAMPP/xamppfiles/htdocs/daily/vendor/yiisoft/yii2/db/mysql/Schema.php(97): yii\db\mysql\Schema->findColumns(Object(yii\db\TableSchema))
#9 /Applications/XAMPP/xamppfiles/htdocs/daily/vendor/yiisoft/yii2/db/Schema.php(146): yii\db\mysql\Schema->loadTableSchema('migration')
#10 /Applications/XAMPP/xamppfiles/htdocs/daily/vendor/yiisoft/yii2/console/controllers/MigrateController.php(132): yii\db\Schema->getTableSchema('{{%migration}}', true)
#11 /Applications/XAMPP/xamppfiles/htdocs/daily/vendor/yiisoft/yii2/console/controllers/BaseMigrateController.php(680): yii\console\controllers\MigrateController->getMigrationHistory(NULL)
#12 /Applications/XAMPP/xamppfiles/htdocs/daily/vendor/yiisoft/yii2/console/controllers/BaseMigrateController.php(123): yii\console\controllers\BaseMigrateController->getNewMigrations()
#13 [internal function]: yii\console\controllers\BaseMigrateController->actionUp(0)
#14 /Applications/XAMPP/xamppfiles/htdocs/daily/vendor/yiisoft/yii2/base/InlineAction.php(55): call_user_func_array(Array, Array)
#15 /Applications/XAMPP/xamppfiles/htdocs/daily/vendor/yiisoft/yii2/base/Controller.php(154): yii\base\InlineAction->runWithParams(Array)
#16 /Applications/XAMPP/xamppfiles/htdocs/daily/vendor/yiisoft/yii2/console/Controller.php(108): yii\base\Controller->runAction('', Array)
#17 /Applications/XAMPP/xamppfiles/htdocs/daily/vendor/yiisoft/yii2/base/Module.php(454): yii\console\Controller->runAction('', Array)
#18 /Applications/XAMPP/xamppfiles/htdocs/daily/vendor/yiisoft/yii2/console/Application.php(167): yii\base\Module->runAction('migrate', Array)
#19 /Applications/XAMPP/xamppfiles/htdocs/daily/vendor/yiisoft/yii2/console/Application.php(143): yii\console\Application->runAction('migrate', Array)
#20 /Applications/XAMPP/xamppfiles/htdocs/daily/vendor/yiisoft/yii2/base/Application.php(375): yii\console\Application->handleRequest(Object(yii\console\Request))
#21 /Applications/XAMPP/xamppfiles/htdocs/daily/yii(27): yii\base\Application->run()
#22 {main}

Next exception 'yii\db\Exception' with message 'SQLSTATE[HY000] [2002] No such file or directory' in /Applications/XAMPP/xamppfiles/htdocs/daily/vendor/yiisoft/yii2/db/Connection.php:547
Stack trace:
#0 /Applications/XAMPP/xamppfiles/htdocs/daily/vendor/yiisoft/yii2/db/Connection.php(858): yii\db\Connection->open()
#1 /Applications/XAMPP/xamppfiles/htdocs/daily/vendor/yiisoft/yii2/db/Connection.php(845): yii\db\Connection->getMasterPdo()
#2 /Applications/XAMPP/xamppfiles/htdocs/daily/vendor/yiisoft/yii2/db/Command.php(219): yii\db\Connection->getSlavePdo()
#3 /Applications/XAMPP/xamppfiles/htdocs/daily/vendor/yiisoft/yii2/db/Command.php(834): yii\db\Command->prepare(true)
#4 /Applications/XAMPP/xamppfiles/htdocs/daily/vendor/yiisoft/yii2/db/Command.php(362): yii\db\Command->queryInternal('fetchAll', NULL)
#5 /Applications/XAMPP/xamppfiles/htdocs/daily/vendor/yiisoft/yii2/db/mysql/Schema.php(198): yii\db\Command->queryAll()
#6 /Applications/XAMPP/xamppfiles/htdocs/daily/vendor/yiisoft/yii2/db/mysql/Schema.php(97): yii\db\mysql\Schema->findColumns(Object(yii\db\TableSchema))
#7 /Applications/XAMPP/xamppfiles/htdocs/daily/vendor/yiisoft/yii2/db/Schema.php(146): yii\db\mysql\Schema->loadTableSchema('migration')
#8 /Applications/XAMPP/xamppfiles/htdocs/daily/vendor/yiisoft/yii2/console/controllers/MigrateController.php(132): yii\db\Schema->getTableSchema('{{%migration}}', true)
#9 /Applications/XAMPP/xamppfiles/htdocs/daily/vendor/yiisoft/yii2/console/controllers/BaseMigrateController.php(680): yii\console\controllers\MigrateController->getMigrationHistory(NULL)
#10 /Applications/XAMPP/xamppfiles/htdocs/daily/vendor/yiisoft/yii2/console/controllers/BaseMigrateController.php(123): yii\console\controllers\BaseMigrateController->getNewMigrations()
#11 [internal function]: yii\console\controllers\BaseMigrateController->actionUp(0)
#12 /Applications/XAMPP/xamppfiles/htdocs/daily/vendor/yiisoft/yii2/base/InlineAction.php(55): call_user_func_array(Array, Array)
#13 /Applications/XAMPP/xamppfiles/htdocs/daily/vendor/yiisoft/yii2/base/Controller.php(154): yii\base\InlineAction->runWithParams(Array)
#14 /Applications/XAMPP/xamppfiles/htdocs/daily/vendor/yiisoft/yii2/console/Controller.php(108): yii\base\Controller->runAction('', Array)
#15 /Applications/XAMPP/xamppfiles/htdocs/daily/vendor/yiisoft/yii2/base/Module.php(454): yii\console\Controller->runAction('', Array)
#16 /Applications/XAMPP/xamppfiles/htdocs/daily/vendor/yiisoft/yii2/console/Application.php(167): yii\base\Module->runAction('migrate', Array)
#17 /Applications/XAMPP/xamppfiles/htdocs/daily/vendor/yiisoft/yii2/console/Application.php(143): yii\console\Application->runAction('migrate', Array)
#18 /Applications/XAMPP/xamppfiles/htdocs/daily/vendor/yiisoft/yii2/base/Application.php(375): yii\console\Application->handleRequest(Object(yii\console\Request))
#19 /Applications/XAMPP/xamppfiles/htdocs/daily/yii(27): yii\base\Application->run()
#20 {main}
Additional Information:

2016-03-01 13:09:41 [-][-][-][info][application] $_SERVER = [
    'TERM_PROGRAM' => 'iTerm.app'
    'TERM' => 'xterm-256color'
    'SHELL' => '/bin/bash'
    'TMPDIR' => '/var/folders/w7/m2vyffgs17x75t00nscbbwl40000gn/T/'
    'Apple_PubSub_Socket_Render' => '/private/tmp/com.apple.launchd.jy5twPhz5U/Render'
    'USER' => 'Monster000'
    'COMMAND_MODE' => 'unix2003'
    'SSH_AUTH_SOCK' => '/private/tmp/com.apple.launchd.1sanPv8px6/Listeners'
    '__CF_USER_TEXT_ENCODING' => '0x1F5:0x19:0x34'
    'PATH' => '/usr/local/bin:/usr/bin:/bin:/usr/sbin:/sbin'
    'PWD' => '/Applications/XAMPP/xamppfiles/htdocs/daily'
    'LANG' => 'zh_CN.UTF-8'
    'ITERM_PROFILE' => 'Default'
    'XPC_FLAGS' => '0x0'
    'XPC_SERVICE_NAME' => '0'
    'SHLVL' => '1'
    'HOME' => '/Users/Monster000'
    'COLORFGBG' => '7;0'
    'ITERM_SESSION_ID' => 'w0t0p0'
    'LOGNAME' => 'Monster000'
    'SECURITYSESSIONID' => '186a7'
    '_' => './yii'
    'OLDPWD' => '/Applications/XAMPP/xamppfiles/htdocs'
    'PHP_SELF' => './yii'
    'SCRIPT_NAME' => './yii'
    'SCRIPT_FILENAME' => './yii'
    'PATH_TRANSLATED' => './yii'
    'DOCUMENT_ROOT' => ''
    'REQUEST_TIME_FLOAT' => 1456837781.5876
    'REQUEST_TIME' => 1456837781
    'argv' => [
        0 => './yii'
        1 => 'migrate'
    ]
    'argc' => 2
]
2016-03-01 22:04:33 [-][-][-][error][yii\base\ErrorException:4] exception 'yii\base\ErrorException' with message 'syntax error, unexpected '{'' in /Applications/XAMPP/xamppfiles/htdocs/daily/console/controllers/InitController.php:34
Stack trace:
#0 /Applications/XAMPP/xamppfiles/htdocs/daily/vendor/yiisoft/yii2/base/Module.php(562): ::spl_autoload_call()
#1 /Applications/XAMPP/xamppfiles/htdocs/daily/vendor/yiisoft/yii2/base/Module.php(562): ::class_exists()
#2 /Applications/XAMPP/xamppfiles/htdocs/daily/vendor/yiisoft/yii2/base/Module.php(520): yii\base\Module->createControllerByID()
#3 /Applications/XAMPP/xamppfiles/htdocs/daily/vendor/yiisoft/yii2/base/Module.php(448): yii\base\Module->createController()
#4 /Applications/XAMPP/xamppfiles/htdocs/daily/vendor/yiisoft/yii2/console/Application.php(167): yii\base\Module->runAction()
#5 /Applications/XAMPP/xamppfiles/htdocs/daily/vendor/yiisoft/yii2/console/Application.php(143): yii\console\Application->runAction()
#6 /Applications/XAMPP/xamppfiles/htdocs/daily/vendor/yiisoft/yii2/base/Application.php(375): yii\console\Application->handleRequest()
#7 /Applications/XAMPP/xamppfiles/htdocs/daily/yii(27): yii\base\Application->run()
#8 {main}
2016-03-01 22:04:33 [-][-][-][info][application] $_SERVER = [
    'TERM_PROGRAM' => 'iTerm.app'
    'TERM' => 'xterm-256color'
    'SHELL' => '/bin/bash'
    'TMPDIR' => '/var/folders/w7/m2vyffgs17x75t00nscbbwl40000gn/T/'
    'Apple_PubSub_Socket_Render' => '/private/tmp/com.apple.launchd.jy5twPhz5U/Render'
    'USER' => 'Monster000'
    'COMMAND_MODE' => 'unix2003'
    'SSH_AUTH_SOCK' => '/private/tmp/com.apple.launchd.1sanPv8px6/Listeners'
    '__CF_USER_TEXT_ENCODING' => '0x1F5:0x19:0x34'
    'PATH' => '/usr/local/bin:/usr/bin:/bin:/usr/sbin:/sbin'
    'PWD' => '/Applications/XAMPP/xamppfiles/htdocs/daily'
    'LANG' => 'zh_CN.UTF-8'
    'ITERM_PROFILE' => 'Default'
    'XPC_FLAGS' => '0x0'
    'XPC_SERVICE_NAME' => '0'
    'SHLVL' => '1'
    'HOME' => '/Users/Monster000'
    'COLORFGBG' => '7;0'
    'ITERM_SESSION_ID' => 'w0t0p0'
    'LOGNAME' => 'Monster000'
    'SECURITYSESSIONID' => '186a7'
    '_' => './yii'
    'OLDPWD' => '/Applications/XAMPP/xamppfiles/htdocs'
    'PHP_SELF' => './yii'
    'SCRIPT_NAME' => './yii'
    'SCRIPT_FILENAME' => './yii'
    'PATH_TRANSLATED' => './yii'
    'DOCUMENT_ROOT' => ''
    'REQUEST_TIME_FLOAT' => 1456841073.3198
    'REQUEST_TIME' => 1456841073
    'argv' => [
        0 => './yii'
        1 => 'init/user'
    ]
    'argc' => 2
]
2016-03-01 22:07:40 [-][-][-][error][yii\base\UnknownPropertyException] exception 'yii\base\UnknownPropertyException' with message 'Setting unknown property: common\models\User::password' in /Applications/XAMPP/xamppfiles/htdocs/daily/vendor/yiisoft/yii2/base/Component.php:197
Stack trace:
#0 /Applications/XAMPP/xamppfiles/htdocs/daily/vendor/yiisoft/yii2/db/BaseActiveRecord.php(267): yii\base\Component->__set('password', '123456')
#1 /Applications/XAMPP/xamppfiles/htdocs/daily/console/controllers/InitController.php(23): yii\db\BaseActiveRecord->__set('password', '123456')
#2 [internal function]: console\controllers\InitController->actionUser()
#3 /Applications/XAMPP/xamppfiles/htdocs/daily/vendor/yiisoft/yii2/base/InlineAction.php(55): call_user_func_array(Array, Array)
#4 /Applications/XAMPP/xamppfiles/htdocs/daily/vendor/yiisoft/yii2/base/Controller.php(154): yii\base\InlineAction->runWithParams(Array)
#5 /Applications/XAMPP/xamppfiles/htdocs/daily/vendor/yiisoft/yii2/console/Controller.php(108): yii\base\Controller->runAction('user', Array)
#6 /Applications/XAMPP/xamppfiles/htdocs/daily/vendor/yiisoft/yii2/base/Module.php(454): yii\console\Controller->runAction('user', Array)
#7 /Applications/XAMPP/xamppfiles/htdocs/daily/vendor/yiisoft/yii2/console/Application.php(167): yii\base\Module->runAction('init/user', Array)
#8 /Applications/XAMPP/xamppfiles/htdocs/daily/vendor/yiisoft/yii2/console/Application.php(143): yii\console\Application->runAction('init/user', Array)
#9 /Applications/XAMPP/xamppfiles/htdocs/daily/vendor/yiisoft/yii2/base/Application.php(375): yii\console\Application->handleRequest(Object(yii\console\Request))
#10 /Applications/XAMPP/xamppfiles/htdocs/daily/yii(27): yii\base\Application->run()
#11 {main}
2016-03-01 22:07:29 [-][-][-][info][application] $_SERVER = [
    'TERM_PROGRAM' => 'iTerm.app'
    'TERM' => 'xterm-256color'
    'SHELL' => '/bin/bash'
    'TMPDIR' => '/var/folders/w7/m2vyffgs17x75t00nscbbwl40000gn/T/'
    'Apple_PubSub_Socket_Render' => '/private/tmp/com.apple.launchd.jy5twPhz5U/Render'
    'USER' => 'Monster000'
    'COMMAND_MODE' => 'unix2003'
    'SSH_AUTH_SOCK' => '/private/tmp/com.apple.launchd.1sanPv8px6/Listeners'
    '__CF_USER_TEXT_ENCODING' => '0x1F5:0x19:0x34'
    'PATH' => '/usr/local/bin:/usr/bin:/bin:/usr/sbin:/sbin'
    'PWD' => '/Applications/XAMPP/xamppfiles/htdocs/daily'
    'LANG' => 'zh_CN.UTF-8'
    'ITERM_PROFILE' => 'Default'
    'XPC_FLAGS' => '0x0'
    'XPC_SERVICE_NAME' => '0'
    'SHLVL' => '1'
    'HOME' => '/Users/Monster000'
    'COLORFGBG' => '7;0'
    'ITERM_SESSION_ID' => 'w0t0p0'
    'LOGNAME' => 'Monster000'
    'SECURITYSESSIONID' => '186a7'
    '_' => './yii'
    'OLDPWD' => '/Applications/XAMPP/xamppfiles/htdocs'
    'PHP_SELF' => './yii'
    'SCRIPT_NAME' => './yii'
    'SCRIPT_FILENAME' => './yii'
    'PATH_TRANSLATED' => './yii'
    'DOCUMENT_ROOT' => ''
    'REQUEST_TIME_FLOAT' => 1456841249.623
    'REQUEST_TIME' => 1456841249
    'argv' => [
        0 => './yii'
        1 => 'init/user'
    ]
    'argc' => 2
]
2016-03-01 22:12:47 [-][-][-][error][yii\base\UnknownPropertyException] exception 'yii\base\UnknownPropertyException' with message 'Setting unknown property: common\models\User::password' in /Applications/XAMPP/xamppfiles/htdocs/daily/vendor/yiisoft/yii2/base/Component.php:197
Stack trace:
#0 /Applications/XAMPP/xamppfiles/htdocs/daily/vendor/yiisoft/yii2/db/BaseActiveRecord.php(267): yii\base\Component->__set('password', '123456')
#1 /Applications/XAMPP/xamppfiles/htdocs/daily/console/controllers/InitController.php(23): yii\db\BaseActiveRecord->__set('password', '123456')
#2 [internal function]: console\controllers\InitController->actionUser()
#3 /Applications/XAMPP/xamppfiles/htdocs/daily/vendor/yiisoft/yii2/base/InlineAction.php(55): call_user_func_array(Array, Array)
#4 /Applications/XAMPP/xamppfiles/htdocs/daily/vendor/yiisoft/yii2/base/Controller.php(154): yii\base\InlineAction->runWithParams(Array)
#5 /Applications/XAMPP/xamppfiles/htdocs/daily/vendor/yiisoft/yii2/console/Controller.php(108): yii\base\Controller->runAction('user', Array)
#6 /Applications/XAMPP/xamppfiles/htdocs/daily/vendor/yiisoft/yii2/base/Module.php(454): yii\console\Controller->runAction('user', Array)
#7 /Applications/XAMPP/xamppfiles/htdocs/daily/vendor/yiisoft/yii2/console/Application.php(167): yii\base\Module->runAction('init/user', Array)
#8 /Applications/XAMPP/xamppfiles/htdocs/daily/vendor/yiisoft/yii2/console/Application.php(143): yii\console\Application->runAction('init/user', Array)
#9 /Applications/XAMPP/xamppfiles/htdocs/daily/vendor/yiisoft/yii2/base/Application.php(375): yii\console\Application->handleRequest(Object(yii\console\Request))
#10 /Applications/XAMPP/xamppfiles/htdocs/daily/yii(27): yii\base\Application->run()
#11 {main}
2016-03-01 22:12:38 [-][-][-][info][application] $_SERVER = [
    'TERM_PROGRAM' => 'iTerm.app'
    'TERM' => 'xterm-256color'
    'SHELL' => '/bin/bash'
    'TMPDIR' => '/var/folders/w7/m2vyffgs17x75t00nscbbwl40000gn/T/'
    'Apple_PubSub_Socket_Render' => '/private/tmp/com.apple.launchd.jy5twPhz5U/Render'
    'USER' => 'Monster000'
    'COMMAND_MODE' => 'unix2003'
    'SSH_AUTH_SOCK' => '/private/tmp/com.apple.launchd.1sanPv8px6/Listeners'
    '__CF_USER_TEXT_ENCODING' => '0x1F5:0x19:0x34'
    'PATH' => '/usr/local/bin:/usr/bin:/bin:/usr/sbin:/sbin'
    'PWD' => '/Applications/XAMPP/xamppfiles/htdocs/daily'
    'LANG' => 'zh_CN.UTF-8'
    'ITERM_PROFILE' => 'Default'
    'XPC_FLAGS' => '0x0'
    'XPC_SERVICE_NAME' => '0'
    'SHLVL' => '1'
    'HOME' => '/Users/Monster000'
    'COLORFGBG' => '7;0'
    'ITERM_SESSION_ID' => 'w0t0p0'
    'LOGNAME' => 'Monster000'
    'SECURITYSESSIONID' => '186a7'
    '_' => './yii'
    'OLDPWD' => '/Applications/XAMPP/xamppfiles/htdocs'
    'PHP_SELF' => './yii'
    'SCRIPT_NAME' => './yii'
    'SCRIPT_FILENAME' => './yii'
    'PATH_TRANSLATED' => './yii'
    'DOCUMENT_ROOT' => ''
    'REQUEST_TIME_FLOAT' => 1456841558.2165
    'REQUEST_TIME' => 1456841558
    'argv' => [
        0 => './yii'
        1 => 'init/user'
    ]
    'argc' => 2
]
